The target system is: Android - 1 - armv7-a
The host system is: Linux - 5.10.16.3-microsoft-standard-WSL2 - x86_64
Determining if the C compiler works passed with the following output:
Change Dir: /home/khai/app/.buildozer/android/platform/build-arm64-v8a_armeabi-v7a/build/other_builds/jpeg/armeabi-v7a__ndk_target_21/jpeg/CMakeFiles/CMakeTmp

Run Build Command(s):/usr/bin/make cmTC_3a11b/fast && make -j8 -f CMakeFiles/cmTC_3a11b.dir/build.make CMakeFiles/cmTC_3a11b.dir/build
make[1]: Entering directory '/home/khai/app/.buildozer/android/platform/build-arm64-v8a_armeabi-v7a/build/other_builds/jpeg/armeabi-v7a__ndk_target_21/jpeg/CMakeFiles/CMakeTmp'
Building C object CMakeFiles/cmTC_3a11b.dir/testCCompiler.c.o
/root/.buildozer/android/platform/android-ndk-r19c/toolchains/llvm/prebuilt/linux-x86_64/bin/clang --target=armv7-none-linux-androideabi16 --gcc-toolchain=/root/.buildozer/android/platform/android-ndk-r19c/toolchains/llvm/prebuilt/linux-x86_64 --sysroot=/root/.buildozer/android/platform/android-ndk-r19c/toolchains/llvm/prebuilt/linux-x86_64/sysroot   -g -DANDROID -fdata-sections -ffunction-sections -funwind-tables -fstack-protector-strong -no-canonical-prefixes -mfpu=vfpv3-d16 -fno-addrsig -march=armv7-a -mthumb -mfpu=neon -Wa,--noexecstack -Wformat -Werror=format-security   -fPIE   -o CMakeFiles/cmTC_3a11b.dir/testCCompiler.c.o   -c /home/khai/app/.buildozer/android/platform/build-arm64-v8a_armeabi-v7a/build/other_builds/jpeg/armeabi-v7a__ndk_target_21/jpeg/CMakeFiles/CMakeTmp/testCCompiler.c
Linking C executable cmTC_3a11b
/usr/bin/cmake -E cmake_link_script CMakeFiles/cmTC_3a11b.dir/link.txt --verbose=1
/root/.buildozer/android/platform/android-ndk-r19c/toolchains/llvm/prebuilt/linux-x86_64/bin/clang --target=armv7-none-linux-androideabi16 --gcc-toolchain=/root/.buildozer/android/platform/android-ndk-r19c/toolchains/llvm/prebuilt/linux-x86_64 --sysroot=/root/.buildozer/android/platform/android-ndk-r19c/toolchains/llvm/prebuilt/linux-x86_64/sysroot -g -DANDROID -fdata-sections -ffunction-sections -funwind-tables -fstack-protector-strong -no-canonical-prefixes -mfpu=vfpv3-d16 -fno-addrsig -march=armv7-a -mthumb -mfpu=neon -Wa,--noexecstack -Wformat -Werror=format-security    -Wl,--exclude-libs,libgcc.a -Wl,--exclude-libs,libatomic.a -static-libstdc++ -Wl,--build-id -Wl,--warn-shared-textrel -Wl,--fatal-warnings -Wl,--exclude-libs,libunwind.a -Wl,--no-undefined -Qunused-arguments -Wl,-z,noexecstack -Wl,-z,relro -Wl,-z,now -Wl,--gc-sections   CMakeFiles/cmTC_3a11b.dir/testCCompiler.c.o  -o cmTC_3a11b  -latomic -lm 
make[1]: Leaving directory '/home/khai/app/.buildozer/android/platform/build-arm64-v8a_armeabi-v7a/build/other_builds/jpeg/armeabi-v7a__ndk_target_21/jpeg/CMakeFiles/CMakeTmp'



Detecting C compiler ABI info compiled with the following output:
Change Dir: /home/khai/app/.buildozer/android/platform/build-arm64-v8a_armeabi-v7a/build/other_builds/jpeg/armeabi-v7a__ndk_target_21/jpeg/CMakeFiles/CMakeTmp

Run Build Command(s):/usr/bin/make cmTC_78019/fast && make -j8 -f CMakeFiles/cmTC_78019.dir/build.make CMakeFiles/cmTC_78019.dir/build
make[1]: Entering directory '/home/khai/app/.buildozer/android/platform/build-arm64-v8a_armeabi-v7a/build/other_builds/jpeg/armeabi-v7a__ndk_target_21/jpeg/CMakeFiles/CMakeTmp'
Building C object CMakeFiles/cmTC_78019.dir/CMakeCCompilerABI.c.o
/root/.buildozer/android/platform/android-ndk-r19c/toolchains/llvm/prebuilt/linux-x86_64/bin/clang --target=armv7-none-linux-androideabi16 --gcc-toolchain=/root/.buildozer/android/platform/android-ndk-r19c/toolchains/llvm/prebuilt/linux-x86_64 --sysroot=/root/.buildozer/android/platform/android-ndk-r19c/toolchains/llvm/prebuilt/linux-x86_64/sysroot   -g -DANDROID -fdata-sections -ffunction-sections -funwind-tables -fstack-protector-strong -no-canonical-prefixes -mfpu=vfpv3-d16 -fno-addrsig -march=armv7-a -mthumb -mfpu=neon -Wa,--noexecstack -Wformat -Werror=format-security   -fPIE   -v -o CMakeFiles/cmTC_78019.dir/CMakeCCompilerABI.c.o   -c /usr/share/cmake-3.16/Modules/CMakeCCompilerABI.c
Android (5058415 based on r339409) clang version 8.0.2 (https://android.googlesource.com/toolchain/clang 40173bab62ec746213857d083c0e8b0abb568790) (https://android.googlesource.com/toolchain/llvm 7a6618d69e7e8111e1d49dc9e7813767c5ca756a) (based on LLVM 8.0.2svn)
Target: armv7-none-linux-android16
Thread model: posix
InstalledDir: /root/.buildozer/android/platform/android-ndk-r19c/toolchains/llvm/prebuilt/linux-x86_64/bin
Found candidate GCC installation: /root/.buildozer/android/platform/android-ndk-r19c/toolchains/llvm/prebuilt/linux-x86_64/lib/gcc/arm-linux-androideabi/4.9.x
Selected GCC installation: /root/.buildozer/android/platform/android-ndk-r19c/toolchains/llvm/prebuilt/linux-x86_64/lib/gcc/arm-linux-androideabi/4.9.x
Candidate multilib: thumb;@mthumb
Candidate multilib: armv7-a;@march=armv7-a
Candidate multilib: armv7-a/thumb;@march=armv7-a@mthumb
Candidate multilib: .;
Selected multilib: armv7-a/thumb;@march=armv7-a@mthumb
 "/root/.buildozer/android/platform/android-ndk-r19c/toolchains/llvm/prebuilt/linux-x86_64/bin/clang" -cc1 -triple thumbv7-none-linux-android16 -emit-obj -mrelax-all -mnoexecstack -disable-free -disable-llvm-verifier -discard-value-names -main-file-name CMakeCCompilerABI.c -mrelocation-model pic -pic-level 2 -pic-is-pie -mthread-model posix -mdisable-fp-elim -fmath-errno -masm-verbose -mconstructor-aliases -munwind-tables -fuse-init-array -target-cpu generic -target-feature +soft-float-abi -target-feature -fp-only-sp -target-feature -d16 -target-feature +vfp3 -target-feature -fp16 -target-feature -vfp4 -target-feature -fp-armv8 -target-feature +neon -target-feature -crypto -target-abi aapcs-linux -mfloat-abi soft -fallow-half-arguments-and-returns -dwarf-column-info -debug-info-kind=limited -dwarf-version=4 -debugger-tuning=gdb -v -ffunction-sections -fdata-sections -coverage-notes-file /home/khai/app/.buildozer/android/platform/build-arm64-v8a_armeabi-v7a/build/other_builds/jpeg/armeabi-v7a__ndk_target_21/jpeg/CMakeFiles/CMakeTmp/CMakeFiles/cmTC_78019.dir/CMakeCCompilerABI.c.gcno -resource-dir /root/.buildozer/android/platform/android-ndk-r19c/toolchains/llvm/prebuilt/linux-x86_64/lib64/clang/8.0.2 -D ANDROID -isysroot /root/.buildozer/android/platform/android-ndk-r19c/toolchains/llvm/prebuilt/linux-x86_64/sysroot -internal-isystem /root/.buildozer/android/platform/android-ndk-r19c/toolchains/llvm/prebuilt/linux-x86_64/sysroot/usr/local/include -internal-isystem /root/.buildozer/android/platform/android-ndk-r19c/toolchains/llvm/prebuilt/linux-x86_64/lib64/clang/8.0.2/include -internal-externc-isystem /root/.buildozer/android/platform/android-ndk-r19c/toolchains/llvm/prebuilt/linux-x86_64/sysroot/usr/include/arm-linux-androideabi -internal-externc-isystem /root/.buildozer/android/platform/android-ndk-r19c/toolchains/llvm/prebuilt/linux-x86_64/sysroot/include -internal-externc-isystem /root/.buildozer/android/platform/android-ndk-r19c/toolchains/llvm/prebuilt/linux-x86_64/sysroot/usr/include -Wformat -Werror=format-security -fdebug-compilation-dir /home/khai/app/.buildozer/android/platform/build-arm64-v8a_armeabi-v7a/build/other_builds/jpeg/armeabi-v7a__ndk_target_21/jpeg/CMakeFiles/CMakeTmp -ferror-limit 19 -fmessage-length 0 -stack-protector 2 -fno-signed-char -fobjc-runtime=gcc -fdiagnostics-show-option -o CMakeFiles/cmTC_78019.dir/CMakeCCompilerABI.c.o -x c /usr/share/cmake-3.16/Modules/CMakeCCompilerABI.c
clang -cc1 version 8.0.2 based upon LLVM 8.0.2svn default target x86_64-unknown-linux-gnu
ignoring nonexistent directory "/root/.buildozer/android/platform/android-ndk-r19c/toolchains/llvm/prebuilt/linux-x86_64/sysroot/include"
#include "..." search starts here:
#include <...> search starts here:
 /root/.buildozer/android/platform/android-ndk-r19c/toolchains/llvm/prebuilt/linux-x86_64/sysroot/usr/local/include
 /root/.buildozer/android/platform/android-ndk-r19c/toolchains/llvm/prebuilt/linux-x86_64/lib64/clang/8.0.2/include
 /root/.buildozer/android/platform/android-ndk-r19c/toolchains/llvm/prebuilt/linux-x86_64/sysroot/usr/include/arm-linux-androideabi
 /root/.buildozer/android/platform/android-ndk-r19c/toolchains/llvm/prebuilt/linux-x86_64/sysroot/usr/include
End of search list.
Linking C executable cmTC_78019
/usr/bin/cmake -E cmake_link_script CMakeFiles/cmTC_78019.dir/link.txt --verbose=1
/root/.buildozer/android/platform/android-ndk-r19c/toolchains/llvm/prebuilt/linux-x86_64/bin/clang --target=armv7-none-linux-androideabi16 --gcc-toolchain=/root/.buildozer/android/platform/android-ndk-r19c/toolchains/llvm/prebuilt/linux-x86_64 --sysroot=/root/.buildozer/android/platform/android-ndk-r19c/toolchains/llvm/prebuilt/linux-x86_64/sysroot -g -DANDROID -fdata-sections -ffunction-sections -funwind-tables -fstack-protector-strong -no-canonical-prefixes -mfpu=vfpv3-d16 -fno-addrsig -march=armv7-a -mthumb -mfpu=neon -Wa,--noexecstack -Wformat -Werror=format-security    -Wl,--exclude-libs,libgcc.a -Wl,--exclude-libs,libatomic.a -static-libstdc++ -Wl,--build-id -Wl,--warn-shared-textrel -Wl,--fatal-warnings -Wl,--exclude-libs,libunwind.a -Wl,--no-undefined -Qunused-arguments -Wl,-z,noexecstack -Wl,-z,relro -Wl,-z,now -Wl,--gc-sections  -v CMakeFiles/cmTC_78019.dir/CMakeCCompilerABI.c.o  -o cmTC_78019 
Android (5058415 based on r339409) clang version 8.0.2 (https://android.googlesource.com/toolchain/clang 40173bab62ec746213857d083c0e8b0abb568790) (https://android.googlesource.com/toolchain/llvm 7a6618d69e7e8111e1d49dc9e7813767c5ca756a) (based on LLVM 8.0.2svn)
Target: armv7-none-linux-android16
Thread model: posix
InstalledDir: /root/.buildozer/android/platform/android-ndk-r19c/toolchains/llvm/prebuilt/linux-x86_64/bin
Found candidate GCC installation: /root/.buildozer/android/platform/android-ndk-r19c/toolchains/llvm/prebuilt/linux-x86_64/lib/gcc/arm-linux-androideabi/4.9.x
Selected GCC installation: /root/.buildozer/android/platform/android-ndk-r19c/toolchains/llvm/prebuilt/linux-x86_64/lib/gcc/arm-linux-androideabi/4.9.x
Candidate multilib: thumb;@mthumb
Candidate multilib: armv7-a;@march=armv7-a
Candidate multilib: armv7-a/thumb;@march=armv7-a@mthumb
Candidate multilib: .;
Selected multilib: armv7-a/thumb;@march=armv7-a@mthumb
 "/root/.buildozer/android/platform/android-ndk-r19c/toolchains/llvm/prebuilt/linux-x86_64/lib/gcc/arm-linux-androideabi/4.9.x/../../../../arm-linux-androideabi/bin/ld" --sysroot=/root/.buildozer/android/platform/android-ndk-r19c/toolchains/llvm/prebuilt/linux-x86_64/sysroot -pie -X --enable-new-dtags --eh-frame-hdr -m armelf_linux_eabi -dynamic-linker /system/bin/linker -o cmTC_78019 /root/.buildozer/android/platform/android-ndk-r19c/toolchains/llvm/prebuilt/linux-x86_64/sysroot/usr/lib/arm-linux-androideabi/16/crtbegin_dynamic.o -L/root/.buildozer/android/platform/android-ndk-r19c/toolchains/llvm/prebuilt/linux-x86_64/lib64/clang/8.0.2/lib/linux/arm -L/root/.buildozer/android/platform/android-ndk-r19c/toolchains/llvm/prebuilt/linux-x86_64/lib/gcc/arm-linux-androideabi/4.9.x/armv7-a/thumb -L/root/.buildozer/android/platform/android-ndk-r19c/toolchains/llvm/prebuilt/linux-x86_64/lib/gcc/arm-linux-androideabi/4.9.x/../../../../arm-linux-androideabi/lib/../lib/armv7-a/thumb -L/root/.buildozer/android/platform/android-ndk-r19c/toolchains/llvm/prebuilt/linux-x86_64/sysroot/usr/lib/arm-linux-androideabi/16 -L/root/.buildozer/android/platform/android-ndk-r19c/toolchains/llvm/prebuilt/linux-x86_64/sysroot/usr/lib/arm-linux-androideabi -L/root/.buildozer/android/platform/android-ndk-r19c/toolchains/llvm/prebuilt/linux-x86_64/sysroot/usr/lib/../lib -L/root/.buildozer/android/platform/android-ndk-r19c/toolchains/llvm/prebuilt/linux-x86_64/sysroot/usr/lib/arm-linux-androideabi/../../lib -L/root/.buildozer/android/platform/android-ndk-r19c/toolchains/llvm/prebuilt/linux-x86_64/lib/gcc/arm-linux-androideabi/4.9.x/../../../../arm-linux-androideabi/lib/armv7-a/thumb -L/root/.buildozer/android/platform/android-ndk-r19c/toolchains/llvm/prebuilt/linux-x86_64/sysroot/usr/lib --exclude-libs libgcc.a --exclude-libs libatomic.a --build-id --warn-shared-textrel --fatal-warnings --exclude-libs libunwind.a --no-undefined -z noexecstack -z relro -z now --gc-sections CMakeFiles/cmTC_78019.dir/CMakeCCompilerABI.c.o -lgcc -ldl -lc -lgcc -ldl /root/.buildozer/android/platform/android-ndk-r19c/toolchains/llvm/prebuilt/linux-x86_64/sysroot/usr/lib/arm-linux-androideabi/16/crtend_android.o
make[1]: Leaving directory '/home/khai/app/.buildozer/android/platform/build-arm64-v8a_armeabi-v7a/build/other_builds/jpeg/armeabi-v7a__ndk_target_21/jpeg/CMakeFiles/CMakeTmp'



Parsed C implicit include dir info from above output: rv=done
  found start of include info
  found start of implicit include info
    add: [/root/.buildozer/android/platform/android-ndk-r19c/toolchains/llvm/prebuilt/linux-x86_64/sysroot/usr/local/include]
    add: [/root/.buildozer/android/platform/android-ndk-r19c/toolchains/llvm/prebuilt/linux-x86_64/lib64/clang/8.0.2/include]
    add: [/root/.buildozer/android/platform/android-ndk-r19c/toolchains/llvm/prebuilt/linux-x86_64/sysroot/usr/include/arm-linux-androideabi]
    add: [/root/.buildozer/android/platform/android-ndk-r19c/toolchains/llvm/prebuilt/linux-x86_64/sysroot/usr/include]
  end of search list found
  collapse include dir [/root/.buildozer/android/platform/android-ndk-r19c/toolchains/llvm/prebuilt/linux-x86_64/sysroot/usr/local/include] ==> [/root/.buildozer/android/platform/android-ndk-r19c/toolchains/llvm/prebuilt/linux-x86_64/sysroot/usr/local/include]
  collapse include dir [/root/.buildozer/android/platform/android-ndk-r19c/toolchains/llvm/prebuilt/linux-x86_64/lib64/clang/8.0.2/include] ==> [/root/.buildozer/android/platform/android-ndk-r19c/toolchains/llvm/prebuilt/linux-x86_64/lib64/clang/8.0.2/include]
  collapse include dir [/root/.buildozer/android/platform/android-ndk-r19c/toolchains/llvm/prebuilt/linux-x86_64/sysroot/usr/include/arm-linux-androideabi] ==> [/root/.buildozer/android/platform/android-ndk-r19c/toolchains/llvm/prebuilt/linux-x86_64/sysroot/usr/include/arm-linux-androideabi]
  collapse include dir [/root/.buildozer/android/platform/android-ndk-r19c/toolchains/llvm/prebuilt/linux-x86_64/sysroot/usr/include] ==> [/root/.buildozer/android/platform/android-ndk-r19c/toolchains/llvm/prebuilt/linux-x86_64/sysroot/usr/include]
  implicit include dirs: [/root/.buildozer/android/platform/android-ndk-r19c/toolchains/llvm/prebuilt/linux-x86_64/sysroot/usr/local/include;/root/.buildozer/android/platform/android-ndk-r19c/toolchains/llvm/prebuilt/linux-x86_64/lib64/clang/8.0.2/include;/root/.buildozer/android/platform/android-ndk-r19c/toolchains/llvm/prebuilt/linux-x86_64/sysroot/usr/include/arm-linux-androideabi;/root/.buildozer/android/platform/android-ndk-r19c/toolchains/llvm/prebuilt/linux-x86_64/sysroot/usr/include]


Parsed C implicit link information from above output:
  link line regex: [^( *|.*[/\])(arm-linux-androideabi-ld|CMAKE_LINK_STARTFILE-NOTFOUND|([^/\]+-)?ld|collect2)[^/\]*( |$)]
  ignore line: [Change Dir: /home/khai/app/.buildozer/android/platform/build-arm64-v8a_armeabi-v7a/build/other_builds/jpeg/armeabi-v7a__ndk_target_21/jpeg/CMakeFiles/CMakeTmp]
  ignore line: []
  ignore line: [Run Build Command(s):/usr/bin/make cmTC_78019/fast && make -j8 -f CMakeFiles/cmTC_78019.dir/build.make CMakeFiles/cmTC_78019.dir/build]
  ignore line: [make[1]: Entering directory '/home/khai/app/.buildozer/android/platform/build-arm64-v8a_armeabi-v7a/build/other_builds/jpeg/armeabi-v7a__ndk_target_21/jpeg/CMakeFiles/CMakeTmp']
  ignore line: [Building C object CMakeFiles/cmTC_78019.dir/CMakeCCompilerABI.c.o]
  ignore line: [/root/.buildozer/android/platform/android-ndk-r19c/toolchains/llvm/prebuilt/linux-x86_64/bin/clang --target=armv7-none-linux-androideabi16 --gcc-toolchain=/root/.buildozer/android/platform/android-ndk-r19c/toolchains/llvm/prebuilt/linux-x86_64 --sysroot=/root/.buildozer/android/platform/android-ndk-r19c/toolchains/llvm/prebuilt/linux-x86_64/sysroot   -g -DANDROID -fdata-sections -ffunction-sections -funwind-tables -fstack-protector-strong -no-canonical-prefixes -mfpu=vfpv3-d16 -fno-addrsig -march=armv7-a -mthumb -mfpu=neon -Wa --noexecstack -Wformat -Werror=format-security   -fPIE   -v -o CMakeFiles/cmTC_78019.dir/CMakeCCompilerABI.c.o   -c /usr/share/cmake-3.16/Modules/CMakeCCompilerABI.c]
  ignore line: [Android (5058415 based on r339409) clang version 8.0.2 (https://android.googlesource.com/toolchain/clang 40173bab62ec746213857d083c0e8b0abb568790) (https://android.googlesource.com/toolchain/llvm 7a6618d69e7e8111e1d49dc9e7813767c5ca756a) (based on LLVM 8.0.2svn)]
  ignore line: [Target: armv7-none-linux-android16]
  ignore line: [Thread model: posix]
  ignore line: [InstalledDir: /root/.buildozer/android/platform/android-ndk-r19c/toolchains/llvm/prebuilt/linux-x86_64/bin]
  ignore line: [Found candidate GCC installation: /root/.buildozer/android/platform/android-ndk-r19c/toolchains/llvm/prebuilt/linux-x86_64/lib/gcc/arm-linux-androideabi/4.9.x]
  ignore line: [Selected GCC installation: /root/.buildozer/android/platform/android-ndk-r19c/toolchains/llvm/prebuilt/linux-x86_64/lib/gcc/arm-linux-androideabi/4.9.x]
  ignore line: [Candidate multilib: thumb]
  ignore line: [@mthumb]
  ignore line: [Candidate multilib: armv7-a]
  ignore line: [@march=armv7-a]
  ignore line: [Candidate multilib: armv7-a/thumb]
  ignore line: [@march=armv7-a@mthumb]
  ignore line: [Candidate multilib: .]
  ignore line: []
  ignore line: [Selected multilib: armv7-a/thumb]
  ignore line: [@march=armv7-a@mthumb]
  ignore line: [ "/root/.buildozer/android/platform/android-ndk-r19c/toolchains/llvm/prebuilt/linux-x86_64/bin/clang" -cc1 -triple thumbv7-none-linux-android16 -emit-obj -mrelax-all -mnoexecstack -disable-free -disable-llvm-verifier -discard-value-names -main-file-name CMakeCCompilerABI.c -mrelocation-model pic -pic-level 2 -pic-is-pie -mthread-model posix -mdisable-fp-elim -fmath-errno -masm-verbose -mconstructor-aliases -munwind-tables -fuse-init-array -target-cpu generic -target-feature +soft-float-abi -target-feature -fp-only-sp -target-feature -d16 -target-feature +vfp3 -target-feature -fp16 -target-feature -vfp4 -target-feature -fp-armv8 -target-feature +neon -target-feature -crypto -target-abi aapcs-linux -mfloat-abi soft -fallow-half-arguments-and-returns -dwarf-column-info -debug-info-kind=limited -dwarf-version=4 -debugger-tuning=gdb -v -ffunction-sections -fdata-sections -coverage-notes-file /home/khai/app/.buildozer/android/platform/build-arm64-v8a_armeabi-v7a/build/other_builds/jpeg/armeabi-v7a__ndk_target_21/jpeg/CMakeFiles/CMakeTmp/CMakeFiles/cmTC_78019.dir/CMakeCCompilerABI.c.gcno -resource-dir /root/.buildozer/android/platform/android-ndk-r19c/toolchains/llvm/prebuilt/linux-x86_64/lib64/clang/8.0.2 -D ANDROID -isysroot /root/.buildozer/android/platform/android-ndk-r19c/toolchains/llvm/prebuilt/linux-x86_64/sysroot -internal-isystem /root/.buildozer/android/platform/android-ndk-r19c/toolchains/llvm/prebuilt/linux-x86_64/sysroot/usr/local/include -internal-isystem /root/.buildozer/android/platform/android-ndk-r19c/toolchains/llvm/prebuilt/linux-x86_64/lib64/clang/8.0.2/include -internal-externc-isystem /root/.buildozer/android/platform/android-ndk-r19c/toolchains/llvm/prebuilt/linux-x86_64/sysroot/usr/include/arm-linux-androideabi -internal-externc-isystem /root/.buildozer/android/platform/android-ndk-r19c/toolchains/llvm/prebuilt/linux-x86_64/sysroot/include -internal-externc-isystem /root/.buildozer/android/platform/android-ndk-r19c/toolchains/llvm/prebuilt/linux-x86_64/sysroot/usr/include -Wformat -Werror=format-security -fdebug-compilation-dir /home/khai/app/.buildozer/android/platform/build-arm64-v8a_armeabi-v7a/build/other_builds/jpeg/armeabi-v7a__ndk_target_21/jpeg/CMakeFiles/CMakeTmp -ferror-limit 19 -fmessage-length 0 -stack-protector 2 -fno-signed-char -fobjc-runtime=gcc -fdiagnostics-show-option -o CMakeFiles/cmTC_78019.dir/CMakeCCompilerABI.c.o -x c /usr/share/cmake-3.16/Modules/CMakeCCompilerABI.c]
  ignore line: [clang -cc1 version 8.0.2 based upon LLVM 8.0.2svn default target x86_64-unknown-linux-gnu]
  ignore line: [ignoring nonexistent directory "/root/.buildozer/android/platform/android-ndk-r19c/toolchains/llvm/prebuilt/linux-x86_64/sysroot/include"]
  ignore line: [#include "..." search starts here:]
  ignore line: [#include <...> search starts here:]
  ignore line: [ /root/.buildozer/android/platform/android-ndk-r19c/toolchains/llvm/prebuilt/linux-x86_64/sysroot/usr/local/include]
  ignore line: [ /root/.buildozer/android/platform/android-ndk-r19c/toolchains/llvm/prebuilt/linux-x86_64/lib64/clang/8.0.2/include]
  ignore line: [ /root/.buildozer/android/platform/android-ndk-r19c/toolchains/llvm/prebuilt/linux-x86_64/sysroot/usr/include/arm-linux-androideabi]
  ignore line: [ /root/.buildozer/android/platform/android-ndk-r19c/toolchains/llvm/prebuilt/linux-x86_64/sysroot/usr/include]
  ignore line: [End of search list.]
  ignore line: [Linking C executable cmTC_78019]
  ignore line: [/usr/bin/cmake -E cmake_link_script CMakeFiles/cmTC_78019.dir/link.txt --verbose=1]
  ignore line: [/root/.buildozer/android/platform/android-ndk-r19c/toolchains/llvm/prebuilt/linux-x86_64/bin/clang --target=armv7-none-linux-androideabi16 --gcc-toolchain=/root/.buildozer/android/platform/android-ndk-r19c/toolchains/llvm/prebuilt/linux-x86_64 --sysroot=/root/.buildozer/android/platform/android-ndk-r19c/toolchains/llvm/prebuilt/linux-x86_64/sysroot -g -DANDROID -fdata-sections -ffunction-sections -funwind-tables -fstack-protector-strong -no-canonical-prefixes -mfpu=vfpv3-d16 -fno-addrsig -march=armv7-a -mthumb -mfpu=neon -Wa --noexecstack -Wformat -Werror=format-security    -Wl --exclude-libs libgcc.a -Wl --exclude-libs libatomic.a -static-libstdc++ -Wl --build-id -Wl --warn-shared-textrel -Wl --fatal-warnings -Wl --exclude-libs libunwind.a -Wl --no-undefined -Qunused-arguments -Wl -z noexecstack -Wl -z relro -Wl -z now -Wl --gc-sections  -v CMakeFiles/cmTC_78019.dir/CMakeCCompilerABI.c.o  -o cmTC_78019 ]
  ignore line: [Android (5058415 based on r339409) clang version 8.0.2 (https://android.googlesource.com/toolchain/clang 40173bab62ec746213857d083c0e8b0abb568790) (https://android.googlesource.com/toolchain/llvm 7a6618d69e7e8111e1d49dc9e7813767c5ca756a) (based on LLVM 8.0.2svn)]
  ignore line: [Target: armv7-none-linux-android16]
  ignore line: [Thread model: posix]
  ignore line: [InstalledDir: /root/.buildozer/android/platform/android-ndk-r19c/toolchains/llvm/prebuilt/linux-x86_64/bin]
  ignore line: [Found candidate GCC installation: /root/.buildozer/android/platform/android-ndk-r19c/toolchains/llvm/prebuilt/linux-x86_64/lib/gcc/arm-linux-androideabi/4.9.x]
  ignore line: [Selected GCC installation: /root/.buildozer/android/platform/android-ndk-r19c/toolchains/llvm/prebuilt/linux-x86_64/lib/gcc/arm-linux-androideabi/4.9.x]
  ignore line: [Candidate multilib: thumb]
  ignore line: [@mthumb]
  ignore line: [Candidate multilib: armv7-a]
  ignore line: [@march=armv7-a]
  ignore line: [Candidate multilib: armv7-a/thumb]
  ignore line: [@march=armv7-a@mthumb]
  ignore line: [Candidate multilib: .]
  ignore line: []
  ignore line: [Selected multilib: armv7-a/thumb]
  ignore line: [@march=armv7-a@mthumb]
  link line: [ "/root/.buildozer/android/platform/android-ndk-r19c/toolchains/llvm/prebuilt/linux-x86_64/lib/gcc/arm-linux-androideabi/4.9.x/../../../../arm-linux-androideabi/bin/ld" --sysroot=/root/.buildozer/android/platform/android-ndk-r19c/toolchains/llvm/prebuilt/linux-x86_64/sysroot -pie -X --enable-new-dtags --eh-frame-hdr -m armelf_linux_eabi -dynamic-linker /system/bin/linker -o cmTC_78019 /root/.buildozer/android/platform/android-ndk-r19c/toolchains/llvm/prebuilt/linux-x86_64/sysroot/usr/lib/arm-linux-androideabi/16/crtbegin_dynamic.o -L/root/.buildozer/android/platform/android-ndk-r19c/toolchains/llvm/prebuilt/linux-x86_64/lib64/clang/8.0.2/lib/linux/arm -L/root/.buildozer/android/platform/android-ndk-r19c/toolchains/llvm/prebuilt/linux-x86_64/lib/gcc/arm-linux-androideabi/4.9.x/armv7-a/thumb -L/root/.buildozer/android/platform/android-ndk-r19c/toolchains/llvm/prebuilt/linux-x86_64/lib/gcc/arm-linux-androideabi/4.9.x/../../../../arm-linux-androideabi/lib/../lib/armv7-a/thumb -L/root/.buildozer/android/platform/android-ndk-r19c/toolchains/llvm/prebuilt/linux-x86_64/sysroot/usr/lib/arm-linux-androideabi/16 -L/root/.buildozer/android/platform/android-ndk-r19c/toolchains/llvm/prebuilt/linux-x86_64/sysroot/usr/lib/arm-linux-androideabi -L/root/.buildozer/android/platform/android-ndk-r19c/toolchains/llvm/prebuilt/linux-x86_64/sysroot/usr/lib/../lib -L/root/.buildozer/android/platform/android-ndk-r19c/toolchains/llvm/prebuilt/linux-x86_64/sysroot/usr/lib/arm-linux-androideabi/../../lib -L/root/.buildozer/android/platform/android-ndk-r19c/toolchains/llvm/prebuilt/linux-x86_64/lib/gcc/arm-linux-androideabi/4.9.x/../../../../arm-linux-androideabi/lib/armv7-a/thumb -L/root/.buildozer/android/platform/android-ndk-r19c/toolchains/llvm/prebuilt/linux-x86_64/sysroot/usr/lib --exclude-libs libgcc.a --exclude-libs libatomic.a --build-id --warn-shared-textrel --fatal-warnings --exclude-libs libunwind.a --no-undefined -z noexecstack -z relro -z now --gc-sections CMakeFiles/cmTC_78019.dir/CMakeCCompilerABI.c.o -lgcc -ldl -lc -lgcc -ldl /root/.buildozer/android/platform/android-ndk-r19c/toolchains/llvm/prebuilt/linux-x86_64/sysroot/usr/lib/arm-linux-androideabi/16/crtend_android.o]
    arg [/root/.buildozer/android/platform/android-ndk-r19c/toolchains/llvm/prebuilt/linux-x86_64/lib/gcc/arm-linux-androideabi/4.9.x/../../../../arm-linux-androideabi/bin/ld] ==> ignore
    arg [--sysroot=/root/.buildozer/android/platform/android-ndk-r19c/toolchains/llvm/prebuilt/linux-x86_64/sysroot] ==> ignore
    arg [-pie] ==> ignore
    arg [-X] ==> ignore
    arg [--enable-new-dtags] ==> ignore
    arg [--eh-frame-hdr] ==> ignore
    arg [-m] ==> ignore
    arg [armelf_linux_eabi] ==> ignore
    arg [-dynamic-linker] ==> ignore
    arg [/system/bin/linker] ==> ignore
    arg [-o] ==> ignore
    arg [cmTC_78019] ==> ignore
    arg [/root/.buildozer/android/platform/android-ndk-r19c/toolchains/llvm/prebuilt/linux-x86_64/sysroot/usr/lib/arm-linux-androideabi/16/crtbegin_dynamic.o] ==> ignore
    arg [-L/root/.buildozer/android/platform/android-ndk-r19c/toolchains/llvm/prebuilt/linux-x86_64/lib64/clang/8.0.2/lib/linux/arm] ==> dir [/root/.buildozer/android/platform/android-ndk-r19c/toolchains/llvm/prebuilt/linux-x86_64/lib64/clang/8.0.2/lib/linux/arm]
    arg [-L/root/.buildozer/android/platform/android-ndk-r19c/toolchains/llvm/prebuilt/linux-x86_64/lib/gcc/arm-linux-androideabi/4.9.x/armv7-a/thumb] ==> dir [/root/.buildozer/android/platform/android-ndk-r19c/toolchains/llvm/prebuilt/linux-x86_64/lib/gcc/arm-linux-androideabi/4.9.x/armv7-a/thumb]
    arg [-L/root/.buildozer/android/platform/android-ndk-r19c/toolchains/llvm/prebuilt/linux-x86_64/lib/gcc/arm-linux-androideabi/4.9.x/../../../../arm-linux-androideabi/lib/../lib/armv7-a/thumb] ==> dir [/root/.buildozer/android/platform/android-ndk-r19c/toolchains/llvm/prebuilt/linux-x86_64/lib/gcc/arm-linux-androideabi/4.9.x/../../../../arm-linux-androideabi/lib/../lib/armv7-a/thumb]
    arg [-L/root/.buildozer/android/platform/android-ndk-r19c/toolchains/llvm/prebuilt/linux-x86_64/sysroot/usr/lib/arm-linux-androideabi/16] ==> dir [/root/.buildozer/android/platform/android-ndk-r19c/toolchains/llvm/prebuilt/linux-x86_64/sysroot/usr/lib/arm-linux-androideabi/16]
    arg [-L/root/.buildozer/android/platform/android-ndk-r19c/toolchains/llvm/prebuilt/linux-x86_64/sysroot/usr/lib/arm-linux-androideabi] ==> dir [/root/.buildozer/android/platform/android-ndk-r19c/toolchains/llvm/prebuilt/linux-x86_64/sysroot/usr/lib/arm-linux-androideabi]
    arg [-L/root/.buildozer/android/platform/android-ndk-r19c/toolchains/llvm/prebuilt/linux-x86_64/sysroot/usr/lib/../lib] ==> dir [/root/.buildozer/android/platform/android-ndk-r19c/toolchains/llvm/prebuilt/linux-x86_64/sysroot/usr/lib/../lib]
    arg [-L/root/.buildozer/android/platform/android-ndk-r19c/toolchains/llvm/prebuilt/linux-x86_64/sysroot/usr/lib/arm-linux-androideabi/../../lib] ==> dir [/root/.buildozer/android/platform/android-ndk-r19c/toolchains/llvm/prebuilt/linux-x86_64/sysroot/usr/lib/arm-linux-androideabi/../../lib]
    arg [-L/root/.buildozer/android/platform/android-ndk-r19c/toolchains/llvm/prebuilt/linux-x86_64/lib/gcc/arm-linux-androideabi/4.9.x/../../../../arm-linux-androideabi/lib/armv7-a/thumb] ==> dir [/root/.buildozer/android/platform/android-ndk-r19c/toolchains/llvm/prebuilt/linux-x86_64/lib/gcc/arm-linux-androideabi/4.9.x/../../../../arm-linux-androideabi/lib/armv7-a/thumb]
    arg [-L/root/.buildozer/android/platform/android-ndk-r19c/toolchains/llvm/prebuilt/linux-x86_64/sysroot/usr/lib] ==> dir [/root/.buildozer/android/platform/android-ndk-r19c/toolchains/llvm/prebuilt/linux-x86_64/sysroot/usr/lib]
    arg [--exclude-libs] ==> ignore
    arg [libgcc.a] ==> ignore
    arg [--exclude-libs] ==> ignore
    arg [libatomic.a] ==> ignore
    arg [--build-id] ==> ignore
    arg [--warn-shared-textrel] ==> ignore
    arg [--fatal-warnings] ==> ignore
    arg [--exclude-libs] ==> ignore
    arg [libunwind.a] ==> ignore
    arg [--no-undefined] ==> ignore
    arg [-znoexecstack] ==> ignore
    arg [-zrelro] ==> ignore
    arg [-znow] ==> ignore
    arg [--gc-sections] ==> ignore
    arg [CMakeFiles/cmTC_78019.dir/CMakeCCompilerABI.c.o] ==> ignore
    arg [-lgcc] ==> lib [gcc]
    arg [-ldl] ==> lib [dl]
    arg [-lc] ==> lib [c]
    arg [-lgcc] ==> lib [gcc]
    arg [-ldl] ==> lib [dl]
    arg [/root/.buildozer/android/platform/android-ndk-r19c/toolchains/llvm/prebuilt/linux-x86_64/sysroot/usr/lib/arm-linux-androideabi/16/crtend_android.o] ==> ignore
  collapse library dir [/root/.buildozer/android/platform/android-ndk-r19c/toolchains/llvm/prebuilt/linux-x86_64/lib64/clang/8.0.2/lib/linux/arm] ==> [/root/.buildozer/android/platform/android-ndk-r19c/toolchains/llvm/prebuilt/linux-x86_64/lib64/clang/8.0.2/lib/linux/arm]
  collapse library dir [/root/.buildozer/android/platform/android-ndk-r19c/toolchains/llvm/prebuilt/linux-x86_64/lib/gcc/arm-linux-androideabi/4.9.x/armv7-a/thumb] ==> [/root/.buildozer/android/platform/android-ndk-r19c/toolchains/llvm/prebuilt/linux-x86_64/lib/gcc/arm-linux-androideabi/4.9.x/armv7-a/thumb]
  collapse library dir [/root/.buildozer/android/platform/android-ndk-r19c/toolchains/llvm/prebuilt/linux-x86_64/lib/gcc/arm-linux-androideabi/4.9.x/../../../../arm-linux-androideabi/lib/../lib/armv7-a/thumb] ==> [/root/.buildozer/android/platform/android-ndk-r19c/toolchains/llvm/prebuilt/linux-x86_64/arm-linux-androideabi/lib/armv7-a/thumb]
  collapse library dir [/root/.buildozer/android/platform/android-ndk-r19c/toolchains/llvm/prebuilt/linux-x86_64/sysroot/usr/lib/arm-linux-androideabi/16] ==> [/root/.buildozer/android/platform/android-ndk-r19c/toolchains/llvm/prebuilt/linux-x86_64/sysroot/usr/lib/arm-linux-androideabi/16]
  collapse library dir [/root/.buildozer/android/platform/android-ndk-r19c/toolchains/llvm/prebuilt/linux-x86_64/sysroot/usr/lib/arm-linux-androideabi] ==> [/root/.buildozer/android/platform/android-ndk-r19c/toolchains/llvm/prebuilt/linux-x86_64/sysroot/usr/lib/arm-linux-androideabi]
  collapse library dir [/root/.buildozer/android/platform/android-ndk-r19c/toolchains/llvm/prebuilt/linux-x86_64/sysroot/usr/lib/../lib] ==> [/root/.buildozer/android/platform/android-ndk-r19c/toolchains/llvm/prebuilt/linux-x86_64/sysroot/usr/lib]
  collapse library dir [/root/.buildozer/android/platform/android-ndk-r19c/toolchains/llvm/prebuilt/linux-x86_64/sysroot/usr/lib/arm-linux-androideabi/../../lib] ==> [/root/.buildozer/android/platform/android-ndk-r19c/toolchains/llvm/prebuilt/linux-x86_64/sysroot/usr/lib]
  collapse library dir [/root/.buildozer/android/platform/android-ndk-r19c/toolchains/llvm/prebuilt/linux-x86_64/lib/gcc/arm-linux-androideabi/4.9.x/../../../../arm-linux-androideabi/lib/armv7-a/thumb] ==> [/root/.buildozer/android/platform/android-ndk-r19c/toolchains/llvm/prebuilt/linux-x86_64/arm-linux-androideabi/lib/armv7-a/thumb]
  collapse library dir [/root/.buildozer/android/platform/android-ndk-r19c/toolchains/llvm/prebuilt/linux-x86_64/sysroot/usr/lib] ==> [/root/.buildozer/android/platform/android-ndk-r19c/toolchains/llvm/prebuilt/linux-x86_64/sysroot/usr/lib]
  implicit libs: [gcc;dl;c;gcc;dl]
  implicit dirs: [/root/.buildozer/android/platform/android-ndk-r19c/toolchains/llvm/prebuilt/linux-x86_64/lib64/clang/8.0.2/lib/linux/arm;/root/.buildozer/android/platform/android-ndk-r19c/toolchains/llvm/prebuilt/linux-x86_64/lib/gcc/arm-linux-androideabi/4.9.x/armv7-a/thumb;/root/.buildozer/android/platform/android-ndk-r19c/toolchains/llvm/prebuilt/linux-x86_64/arm-linux-androideabi/lib/armv7-a/thumb;/root/.buildozer/android/platform/android-ndk-r19c/toolchains/llvm/prebuilt/linux-x86_64/sysroot/usr/lib/arm-linux-androideabi/16;/root/.buildozer/android/platform/android-ndk-r19c/toolchains/llvm/prebuilt/linux-x86_64/sysroot/usr/lib/arm-linux-androideabi;/root/.buildozer/android/platform/android-ndk-r19c/toolchains/llvm/prebuilt/linux-x86_64/sysroot/usr/lib]
  implicit fwks: []


Determining if the include file sys/types.h exists passed with the following output:
Change Dir: /home/khai/app/.buildozer/android/platform/build-arm64-v8a_armeabi-v7a/build/other_builds/jpeg/armeabi-v7a__ndk_target_21/jpeg/CMakeFiles/CMakeTmp

Run Build Command(s):/usr/bin/make cmTC_77bd8/fast && make -j8 -f CMakeFiles/cmTC_77bd8.dir/build.make CMakeFiles/cmTC_77bd8.dir/build
make[1]: Entering directory '/home/khai/app/.buildozer/android/platform/build-arm64-v8a_armeabi-v7a/build/other_builds/jpeg/armeabi-v7a__ndk_target_21/jpeg/CMakeFiles/CMakeTmp'
Building C object CMakeFiles/cmTC_77bd8.dir/CheckIncludeFile.c.o
/root/.buildozer/android/platform/android-ndk-r19c/toolchains/llvm/prebuilt/linux-x86_64/bin/clang --target=armv7-none-linux-androideabi16 --gcc-toolchain=/root/.buildozer/android/platform/android-ndk-r19c/toolchains/llvm/prebuilt/linux-x86_64 --sysroot=/root/.buildozer/android/platform/android-ndk-r19c/toolchains/llvm/prebuilt/linux-x86_64/sysroot   -g -DANDROID -fdata-sections -ffunction-sections -funwind-tables -fstack-protector-strong -no-canonical-prefixes -mfpu=vfpv3-d16 -fno-addrsig -march=armv7-a -mthumb -mfpu=neon -Wa,--noexecstack -Wformat -Werror=format-security   -fPIE   -o CMakeFiles/cmTC_77bd8.dir/CheckIncludeFile.c.o   -c /home/khai/app/.buildozer/android/platform/build-arm64-v8a_armeabi-v7a/build/other_builds/jpeg/armeabi-v7a__ndk_target_21/jpeg/CMakeFiles/CMakeTmp/CheckIncludeFile.c
Linking C executable cmTC_77bd8
/usr/bin/cmake -E cmake_link_script CMakeFiles/cmTC_77bd8.dir/link.txt --verbose=1
/root/.buildozer/android/platform/android-ndk-r19c/toolchains/llvm/prebuilt/linux-x86_64/bin/clang --target=armv7-none-linux-androideabi16 --gcc-toolchain=/root/.buildozer/android/platform/android-ndk-r19c/toolchains/llvm/prebuilt/linux-x86_64 --sysroot=/root/.buildozer/android/platform/android-ndk-r19c/toolchains/llvm/prebuilt/linux-x86_64/sysroot -g -DANDROID -fdata-sections -ffunction-sections -funwind-tables -fstack-protector-strong -no-canonical-prefixes -mfpu=vfpv3-d16 -fno-addrsig -march=armv7-a -mthumb -mfpu=neon -Wa,--noexecstack -Wformat -Werror=format-security    -Wl,--exclude-libs,libgcc.a -Wl,--exclude-libs,libatomic.a -static-libstdc++ -Wl,--build-id -Wl,--warn-shared-textrel -Wl,--fatal-warnings -Wl,--exclude-libs,libunwind.a -Wl,--no-undefined -Qunused-arguments -Wl,-z,noexecstack -Wl,-z,relro -Wl,-z,now -Wl,--gc-sections   CMakeFiles/cmTC_77bd8.dir/CheckIncludeFile.c.o  -o cmTC_77bd8  -latomic -lm 
make[1]: Leaving directory '/home/khai/app/.buildozer/android/platform/build-arm64-v8a_armeabi-v7a/build/other_builds/jpeg/armeabi-v7a__ndk_target_21/jpeg/CMakeFiles/CMakeTmp'



Determining if the include file stdint.h exists passed with the following output:
Change Dir: /home/khai/app/.buildozer/android/platform/build-arm64-v8a_armeabi-v7a/build/other_builds/jpeg/armeabi-v7a__ndk_target_21/jpeg/CMakeFiles/CMakeTmp

Run Build Command(s):/usr/bin/make cmTC_9e143/fast && make -j8 -f CMakeFiles/cmTC_9e143.dir/build.make CMakeFiles/cmTC_9e143.dir/build
make[1]: Entering directory '/home/khai/app/.buildozer/android/platform/build-arm64-v8a_armeabi-v7a/build/other_builds/jpeg/armeabi-v7a__ndk_target_21/jpeg/CMakeFiles/CMakeTmp'
Building C object CMakeFiles/cmTC_9e143.dir/CheckIncludeFile.c.o
/root/.buildozer/android/platform/android-ndk-r19c/toolchains/llvm/prebuilt/linux-x86_64/bin/clang --target=armv7-none-linux-androideabi16 --gcc-toolchain=/root/.buildozer/android/platform/android-ndk-r19c/toolchains/llvm/prebuilt/linux-x86_64 --sysroot=/root/.buildozer/android/platform/android-ndk-r19c/toolchains/llvm/prebuilt/linux-x86_64/sysroot   -g -DANDROID -fdata-sections -ffunction-sections -funwind-tables -fstack-protector-strong -no-canonical-prefixes -mfpu=vfpv3-d16 -fno-addrsig -march=armv7-a -mthumb -mfpu=neon -Wa,--noexecstack -Wformat -Werror=format-security   -fPIE   -o CMakeFiles/cmTC_9e143.dir/CheckIncludeFile.c.o   -c /home/khai/app/.buildozer/android/platform/build-arm64-v8a_armeabi-v7a/build/other_builds/jpeg/armeabi-v7a__ndk_target_21/jpeg/CMakeFiles/CMakeTmp/CheckIncludeFile.c
Linking C executable cmTC_9e143
/usr/bin/cmake -E cmake_link_script CMakeFiles/cmTC_9e143.dir/link.txt --verbose=1
/root/.buildozer/android/platform/android-ndk-r19c/toolchains/llvm/prebuilt/linux-x86_64/bin/clang --target=armv7-none-linux-androideabi16 --gcc-toolchain=/root/.buildozer/android/platform/android-ndk-r19c/toolchains/llvm/prebuilt/linux-x86_64 --sysroot=/root/.buildozer/android/platform/android-ndk-r19c/toolchains/llvm/prebuilt/linux-x86_64/sysroot -g -DANDROID -fdata-sections -ffunction-sections -funwind-tables -fstack-protector-strong -no-canonical-prefixes -mfpu=vfpv3-d16 -fno-addrsig -march=armv7-a -mthumb -mfpu=neon -Wa,--noexecstack -Wformat -Werror=format-security    -Wl,--exclude-libs,libgcc.a -Wl,--exclude-libs,libatomic.a -static-libstdc++ -Wl,--build-id -Wl,--warn-shared-textrel -Wl,--fatal-warnings -Wl,--exclude-libs,libunwind.a -Wl,--no-undefined -Qunused-arguments -Wl,-z,noexecstack -Wl,-z,relro -Wl,-z,now -Wl,--gc-sections   CMakeFiles/cmTC_9e143.dir/CheckIncludeFile.c.o  -o cmTC_9e143  -latomic -lm 
make[1]: Leaving directory '/home/khai/app/.buildozer/android/platform/build-arm64-v8a_armeabi-v7a/build/other_builds/jpeg/armeabi-v7a__ndk_target_21/jpeg/CMakeFiles/CMakeTmp'



Determining if the include file stddef.h exists passed with the following output:
Change Dir: /home/khai/app/.buildozer/android/platform/build-arm64-v8a_armeabi-v7a/build/other_builds/jpeg/armeabi-v7a__ndk_target_21/jpeg/CMakeFiles/CMakeTmp

Run Build Command(s):/usr/bin/make cmTC_cd2ac/fast && make -j8 -f CMakeFiles/cmTC_cd2ac.dir/build.make CMakeFiles/cmTC_cd2ac.dir/build
make[1]: Entering directory '/home/khai/app/.buildozer/android/platform/build-arm64-v8a_armeabi-v7a/build/other_builds/jpeg/armeabi-v7a__ndk_target_21/jpeg/CMakeFiles/CMakeTmp'
Building C object CMakeFiles/cmTC_cd2ac.dir/CheckIncludeFile.c.o
/root/.buildozer/android/platform/android-ndk-r19c/toolchains/llvm/prebuilt/linux-x86_64/bin/clang --target=armv7-none-linux-androideabi16 --gcc-toolchain=/root/.buildozer/android/platform/android-ndk-r19c/toolchains/llvm/prebuilt/linux-x86_64 --sysroot=/root/.buildozer/android/platform/android-ndk-r19c/toolchains/llvm/prebuilt/linux-x86_64/sysroot   -g -DANDROID -fdata-sections -ffunction-sections -funwind-tables -fstack-protector-strong -no-canonical-prefixes -mfpu=vfpv3-d16 -fno-addrsig -march=armv7-a -mthumb -mfpu=neon -Wa,--noexecstack -Wformat -Werror=format-security   -fPIE   -o CMakeFiles/cmTC_cd2ac.dir/CheckIncludeFile.c.o   -c /home/khai/app/.buildozer/android/platform/build-arm64-v8a_armeabi-v7a/build/other_builds/jpeg/armeabi-v7a__ndk_target_21/jpeg/CMakeFiles/CMakeTmp/CheckIncludeFile.c
Linking C executable cmTC_cd2ac
/usr/bin/cmake -E cmake_link_script CMakeFiles/cmTC_cd2ac.dir/link.txt --verbose=1
/root/.buildozer/android/platform/android-ndk-r19c/toolchains/llvm/prebuilt/linux-x86_64/bin/clang --target=armv7-none-linux-androideabi16 --gcc-toolchain=/root/.buildozer/android/platform/android-ndk-r19c/toolchains/llvm/prebuilt/linux-x86_64 --sysroot=/root/.buildozer/android/platform/android-ndk-r19c/toolchains/llvm/prebuilt/linux-x86_64/sysroot -g -DANDROID -fdata-sections -ffunction-sections -funwind-tables -fstack-protector-strong -no-canonical-prefixes -mfpu=vfpv3-d16 -fno-addrsig -march=armv7-a -mthumb -mfpu=neon -Wa,--noexecstack -Wformat -Werror=format-security    -Wl,--exclude-libs,libgcc.a -Wl,--exclude-libs,libatomic.a -static-libstdc++ -Wl,--build-id -Wl,--warn-shared-textrel -Wl,--fatal-warnings -Wl,--exclude-libs,libunwind.a -Wl,--no-undefined -Qunused-arguments -Wl,-z,noexecstack -Wl,-z,relro -Wl,-z,now -Wl,--gc-sections   CMakeFiles/cmTC_cd2ac.dir/CheckIncludeFile.c.o  -o cmTC_cd2ac  -latomic -lm 
make[1]: Leaving directory '/home/khai/app/.buildozer/android/platform/build-arm64-v8a_armeabi-v7a/build/other_builds/jpeg/armeabi-v7a__ndk_target_21/jpeg/CMakeFiles/CMakeTmp'



Determining size of size_t passed with the following output:
Change Dir: /home/khai/app/.buildozer/android/platform/build-arm64-v8a_armeabi-v7a/build/other_builds/jpeg/armeabi-v7a__ndk_target_21/jpeg/CMakeFiles/CMakeTmp

Run Build Command(s):/usr/bin/make cmTC_6ae66/fast && make -j8 -f CMakeFiles/cmTC_6ae66.dir/build.make CMakeFiles/cmTC_6ae66.dir/build
make[1]: Entering directory '/home/khai/app/.buildozer/android/platform/build-arm64-v8a_armeabi-v7a/build/other_builds/jpeg/armeabi-v7a__ndk_target_21/jpeg/CMakeFiles/CMakeTmp'
Building C object CMakeFiles/cmTC_6ae66.dir/SIZE_T.c.o
/root/.buildozer/android/platform/android-ndk-r19c/toolchains/llvm/prebuilt/linux-x86_64/bin/clang --target=armv7-none-linux-androideabi16 --gcc-toolchain=/root/.buildozer/android/platform/android-ndk-r19c/toolchains/llvm/prebuilt/linux-x86_64 --sysroot=/root/.buildozer/android/platform/android-ndk-r19c/toolchains/llvm/prebuilt/linux-x86_64/sysroot   -g -DANDROID -fdata-sections -ffunction-sections -funwind-tables -fstack-protector-strong -no-canonical-prefixes -mfpu=vfpv3-d16 -fno-addrsig -march=armv7-a -mthumb -mfpu=neon -Wa,--noexecstack -Wformat -Werror=format-security   -fPIE   -o CMakeFiles/cmTC_6ae66.dir/SIZE_T.c.o   -c /home/khai/app/.buildozer/android/platform/build-arm64-v8a_armeabi-v7a/build/other_builds/jpeg/armeabi-v7a__ndk_target_21/jpeg/CMakeFiles/CheckTypeSize/SIZE_T.c
Linking C executable cmTC_6ae66
/usr/bin/cmake -E cmake_link_script CMakeFiles/cmTC_6ae66.dir/link.txt --verbose=1
/root/.buildozer/android/platform/android-ndk-r19c/toolchains/llvm/prebuilt/linux-x86_64/bin/clang --target=armv7-none-linux-androideabi16 --gcc-toolchain=/root/.buildozer/android/platform/android-ndk-r19c/toolchains/llvm/prebuilt/linux-x86_64 --sysroot=/root/.buildozer/android/platform/android-ndk-r19c/toolchains/llvm/prebuilt/linux-x86_64/sysroot -g -DANDROID -fdata-sections -ffunction-sections -funwind-tables -fstack-protector-strong -no-canonical-prefixes -mfpu=vfpv3-d16 -fno-addrsig -march=armv7-a -mthumb -mfpu=neon -Wa,--noexecstack -Wformat -Werror=format-security    -Wl,--exclude-libs,libgcc.a -Wl,--exclude-libs,libatomic.a -static-libstdc++ -Wl,--build-id -Wl,--warn-shared-textrel -Wl,--fatal-warnings -Wl,--exclude-libs,libunwind.a -Wl,--no-undefined -Qunused-arguments -Wl,-z,noexecstack -Wl,-z,relro -Wl,-z,now -Wl,--gc-sections   CMakeFiles/cmTC_6ae66.dir/SIZE_T.c.o  -o cmTC_6ae66  -latomic -lm 
make[1]: Leaving directory '/home/khai/app/.buildozer/android/platform/build-arm64-v8a_armeabi-v7a/build/other_builds/jpeg/armeabi-v7a__ndk_target_21/jpeg/CMakeFiles/CMakeTmp'



Determining size of unsigned long passed with the following output:
Change Dir: /home/khai/app/.buildozer/android/platform/build-arm64-v8a_armeabi-v7a/build/other_builds/jpeg/armeabi-v7a__ndk_target_21/jpeg/CMakeFiles/CMakeTmp

Run Build Command(s):/usr/bin/make cmTC_95a46/fast && make -j8 -f CMakeFiles/cmTC_95a46.dir/build.make CMakeFiles/cmTC_95a46.dir/build
make[1]: Entering directory '/home/khai/app/.buildozer/android/platform/build-arm64-v8a_armeabi-v7a/build/other_builds/jpeg/armeabi-v7a__ndk_target_21/jpeg/CMakeFiles/CMakeTmp'
Building C object CMakeFiles/cmTC_95a46.dir/UNSIGNED_LONG.c.o
/root/.buildozer/android/platform/android-ndk-r19c/toolchains/llvm/prebuilt/linux-x86_64/bin/clang --target=armv7-none-linux-androideabi16 --gcc-toolchain=/root/.buildozer/android/platform/android-ndk-r19c/toolchains/llvm/prebuilt/linux-x86_64 --sysroot=/root/.buildozer/android/platform/android-ndk-r19c/toolchains/llvm/prebuilt/linux-x86_64/sysroot   -g -DANDROID -fdata-sections -ffunction-sections -funwind-tables -fstack-protector-strong -no-canonical-prefixes -mfpu=vfpv3-d16 -fno-addrsig -march=armv7-a -mthumb -mfpu=neon -Wa,--noexecstack -Wformat -Werror=format-security   -fPIE   -o CMakeFiles/cmTC_95a46.dir/UNSIGNED_LONG.c.o   -c /home/khai/app/.buildozer/android/platform/build-arm64-v8a_armeabi-v7a/build/other_builds/jpeg/armeabi-v7a__ndk_target_21/jpeg/CMakeFiles/CheckTypeSize/UNSIGNED_LONG.c
Linking C executable cmTC_95a46
/usr/bin/cmake -E cmake_link_script CMakeFiles/cmTC_95a46.dir/link.txt --verbose=1
/root/.buildozer/android/platform/android-ndk-r19c/toolchains/llvm/prebuilt/linux-x86_64/bin/clang --target=armv7-none-linux-androideabi16 --gcc-toolchain=/root/.buildozer/android/platform/android-ndk-r19c/toolchains/llvm/prebuilt/linux-x86_64 --sysroot=/root/.buildozer/android/platform/android-ndk-r19c/toolchains/llvm/prebuilt/linux-x86_64/sysroot -g -DANDROID -fdata-sections -ffunction-sections -funwind-tables -fstack-protector-strong -no-canonical-prefixes -mfpu=vfpv3-d16 -fno-addrsig -march=armv7-a -mthumb -mfpu=neon -Wa,--noexecstack -Wformat -Werror=format-security    -Wl,--exclude-libs,libgcc.a -Wl,--exclude-libs,libatomic.a -static-libstdc++ -Wl,--build-id -Wl,--warn-shared-textrel -Wl,--fatal-warnings -Wl,--exclude-libs,libunwind.a -Wl,--no-undefined -Qunused-arguments -Wl,-z,noexecstack -Wl,-z,relro -Wl,-z,now -Wl,--gc-sections   CMakeFiles/cmTC_95a46.dir/UNSIGNED_LONG.c.o  -o cmTC_95a46  -latomic -lm 
make[1]: Leaving directory '/home/khai/app/.buildozer/android/platform/build-arm64-v8a_armeabi-v7a/build/other_builds/jpeg/armeabi-v7a__ndk_target_21/jpeg/CMakeFiles/CMakeTmp'



Performing C SOURCE FILE Test HAVE_BUILTIN_CTZL succeeded with the following output:
Change Dir: /home/khai/app/.buildozer/android/platform/build-arm64-v8a_armeabi-v7a/build/other_builds/jpeg/armeabi-v7a__ndk_target_21/jpeg/CMakeFiles/CMakeTmp

Run Build Command(s):/usr/bin/make cmTC_ab2b3/fast && make -j8 -f CMakeFiles/cmTC_ab2b3.dir/build.make CMakeFiles/cmTC_ab2b3.dir/build
make[1]: Entering directory '/home/khai/app/.buildozer/android/platform/build-arm64-v8a_armeabi-v7a/build/other_builds/jpeg/armeabi-v7a__ndk_target_21/jpeg/CMakeFiles/CMakeTmp'
Building C object CMakeFiles/cmTC_ab2b3.dir/src.c.o
/root/.buildozer/android/platform/android-ndk-r19c/toolchains/llvm/prebuilt/linux-x86_64/bin/clang --target=armv7-none-linux-androideabi16 --gcc-toolchain=/root/.buildozer/android/platform/android-ndk-r19c/toolchains/llvm/prebuilt/linux-x86_64 --sysroot=/root/.buildozer/android/platform/android-ndk-r19c/toolchains/llvm/prebuilt/linux-x86_64/sysroot   -g -DANDROID -fdata-sections -ffunction-sections -funwind-tables -fstack-protector-strong -no-canonical-prefixes -mfpu=vfpv3-d16 -fno-addrsig -march=armv7-a -mthumb -mfpu=neon -Wa,--noexecstack -Wformat -Werror=format-security  -DHAVE_BUILTIN_CTZL -fPIE   -o CMakeFiles/cmTC_ab2b3.dir/src.c.o   -c /home/khai/app/.buildozer/android/platform/build-arm64-v8a_armeabi-v7a/build/other_builds/jpeg/armeabi-v7a__ndk_target_21/jpeg/CMakeFiles/CMakeTmp/src.c
Linking C executable cmTC_ab2b3
/usr/bin/cmake -E cmake_link_script CMakeFiles/cmTC_ab2b3.dir/link.txt --verbose=1
/root/.buildozer/android/platform/android-ndk-r19c/toolchains/llvm/prebuilt/linux-x86_64/bin/clang --target=armv7-none-linux-androideabi16 --gcc-toolchain=/root/.buildozer/android/platform/android-ndk-r19c/toolchains/llvm/prebuilt/linux-x86_64 --sysroot=/root/.buildozer/android/platform/android-ndk-r19c/toolchains/llvm/prebuilt/linux-x86_64/sysroot -g -DANDROID -fdata-sections -ffunction-sections -funwind-tables -fstack-protector-strong -no-canonical-prefixes -mfpu=vfpv3-d16 -fno-addrsig -march=armv7-a -mthumb -mfpu=neon -Wa,--noexecstack -Wformat -Werror=format-security  -DHAVE_BUILTIN_CTZL  -Wl,--exclude-libs,libgcc.a -Wl,--exclude-libs,libatomic.a -static-libstdc++ -Wl,--build-id -Wl,--warn-shared-textrel -Wl,--fatal-warnings -Wl,--exclude-libs,libunwind.a -Wl,--no-undefined -Qunused-arguments -Wl,-z,noexecstack -Wl,-z,relro -Wl,-z,now -Wl,--gc-sections   CMakeFiles/cmTC_ab2b3.dir/src.c.o  -o cmTC_ab2b3  -latomic -lm 
make[1]: Leaving directory '/home/khai/app/.buildozer/android/platform/build-arm64-v8a_armeabi-v7a/build/other_builds/jpeg/armeabi-v7a__ndk_target_21/jpeg/CMakeFiles/CMakeTmp'


Source file was:
int main(int argc, char **argv) { unsigned long a = argc;  return __builtin_ctzl(a); }
Determining if files locale.h exist passed with the following output:
Change Dir: /home/khai/app/.buildozer/android/platform/build-arm64-v8a_armeabi-v7a/build/other_builds/jpeg/armeabi-v7a__ndk_target_21/jpeg/CMakeFiles/CMakeTmp

Run Build Command(s):/usr/bin/make cmTC_2ebf3/fast && make -j8 -f CMakeFiles/cmTC_2ebf3.dir/build.make CMakeFiles/cmTC_2ebf3.dir/build
make[1]: Entering directory '/home/khai/app/.buildozer/android/platform/build-arm64-v8a_armeabi-v7a/build/other_builds/jpeg/armeabi-v7a__ndk_target_21/jpeg/CMakeFiles/CMakeTmp'
Building C object CMakeFiles/cmTC_2ebf3.dir/HAVE_LOCALE_H.c.o
/root/.buildozer/android/platform/android-ndk-r19c/toolchains/llvm/prebuilt/linux-x86_64/bin/clang --target=armv7-none-linux-androideabi16 --gcc-toolchain=/root/.buildozer/android/platform/android-ndk-r19c/toolchains/llvm/prebuilt/linux-x86_64 --sysroot=/root/.buildozer/android/platform/android-ndk-r19c/toolchains/llvm/prebuilt/linux-x86_64/sysroot   -g -DANDROID -fdata-sections -ffunction-sections -funwind-tables -fstack-protector-strong -no-canonical-prefixes -mfpu=vfpv3-d16 -fno-addrsig -march=armv7-a -mthumb -mfpu=neon -Wa,--noexecstack -Wformat -Werror=format-security   -fPIE   -o CMakeFiles/cmTC_2ebf3.dir/HAVE_LOCALE_H.c.o   -c /home/khai/app/.buildozer/android/platform/build-arm64-v8a_armeabi-v7a/build/other_builds/jpeg/armeabi-v7a__ndk_target_21/jpeg/CMakeFiles/CheckIncludeFiles/HAVE_LOCALE_H.c
Linking C executable cmTC_2ebf3
/usr/bin/cmake -E cmake_link_script CMakeFiles/cmTC_2ebf3.dir/link.txt --verbose=1
/root/.buildozer/android/platform/android-ndk-r19c/toolchains/llvm/prebuilt/linux-x86_64/bin/clang --target=armv7-none-linux-androideabi16 --gcc-toolchain=/root/.buildozer/android/platform/android-ndk-r19c/toolchains/llvm/prebuilt/linux-x86_64 --sysroot=/root/.buildozer/android/platform/android-ndk-r19c/toolchains/llvm/prebuilt/linux-x86_64/sysroot -g -DANDROID -fdata-sections -ffunction-sections -funwind-tables -fstack-protector-strong -no-canonical-prefixes -mfpu=vfpv3-d16 -fno-addrsig -march=armv7-a -mthumb -mfpu=neon -Wa,--noexecstack -Wformat -Werror=format-security    -Wl,--exclude-libs,libgcc.a -Wl,--exclude-libs,libatomic.a -static-libstdc++ -Wl,--build-id -Wl,--warn-shared-textrel -Wl,--fatal-warnings -Wl,--exclude-libs,libunwind.a -Wl,--no-undefined -Qunused-arguments -Wl,-z,noexecstack -Wl,-z,relro -Wl,-z,now -Wl,--gc-sections   CMakeFiles/cmTC_2ebf3.dir/HAVE_LOCALE_H.c.o  -o cmTC_2ebf3  -latomic -lm 
make[1]: Leaving directory '/home/khai/app/.buildozer/android/platform/build-arm64-v8a_armeabi-v7a/build/other_builds/jpeg/armeabi-v7a__ndk_target_21/jpeg/CMakeFiles/CMakeTmp'



Determining if files stdlib.h exist passed with the following output:
Change Dir: /home/khai/app/.buildozer/android/platform/build-arm64-v8a_armeabi-v7a/build/other_builds/jpeg/armeabi-v7a__ndk_target_21/jpeg/CMakeFiles/CMakeTmp

Run Build Command(s):/usr/bin/make cmTC_6651f/fast && make -j8 -f CMakeFiles/cmTC_6651f.dir/build.make CMakeFiles/cmTC_6651f.dir/build
make[1]: Entering directory '/home/khai/app/.buildozer/android/platform/build-arm64-v8a_armeabi-v7a/build/other_builds/jpeg/armeabi-v7a__ndk_target_21/jpeg/CMakeFiles/CMakeTmp'
Building C object CMakeFiles/cmTC_6651f.dir/HAVE_STDLIB_H.c.o
/root/.buildozer/android/platform/android-ndk-r19c/toolchains/llvm/prebuilt/linux-x86_64/bin/clang --target=armv7-none-linux-androideabi16 --gcc-toolchain=/root/.buildozer/android/platform/android-ndk-r19c/toolchains/llvm/prebuilt/linux-x86_64 --sysroot=/root/.buildozer/android/platform/android-ndk-r19c/toolchains/llvm/prebuilt/linux-x86_64/sysroot   -g -DANDROID -fdata-sections -ffunction-sections -funwind-tables -fstack-protector-strong -no-canonical-prefixes -mfpu=vfpv3-d16 -fno-addrsig -march=armv7-a -mthumb -mfpu=neon -Wa,--noexecstack -Wformat -Werror=format-security   -fPIE   -o CMakeFiles/cmTC_6651f.dir/HAVE_STDLIB_H.c.o   -c /home/khai/app/.buildozer/android/platform/build-arm64-v8a_armeabi-v7a/build/other_builds/jpeg/armeabi-v7a__ndk_target_21/jpeg/CMakeFiles/CheckIncludeFiles/HAVE_STDLIB_H.c
Linking C executable cmTC_6651f
/usr/bin/cmake -E cmake_link_script CMakeFiles/cmTC_6651f.dir/link.txt --verbose=1
/root/.buildozer/android/platform/android-ndk-r19c/toolchains/llvm/prebuilt/linux-x86_64/bin/clang --target=armv7-none-linux-androideabi16 --gcc-toolchain=/root/.buildozer/android/platform/android-ndk-r19c/toolchains/llvm/prebuilt/linux-x86_64 --sysroot=/root/.buildozer/android/platform/android-ndk-r19c/toolchains/llvm/prebuilt/linux-x86_64/sysroot -g -DANDROID -fdata-sections -ffunction-sections -funwind-tables -fstack-protector-strong -no-canonical-prefixes -mfpu=vfpv3-d16 -fno-addrsig -march=armv7-a -mthumb -mfpu=neon -Wa,--noexecstack -Wformat -Werror=format-security    -Wl,--exclude-libs,libgcc.a -Wl,--exclude-libs,libatomic.a -static-libstdc++ -Wl,--build-id -Wl,--warn-shared-textrel -Wl,--fatal-warnings -Wl,--exclude-libs,libunwind.a -Wl,--no-undefined -Qunused-arguments -Wl,-z,noexecstack -Wl,-z,relro -Wl,-z,now -Wl,--gc-sections   CMakeFiles/cmTC_6651f.dir/HAVE_STDLIB_H.c.o  -o cmTC_6651f  -latomic -lm 
make[1]: Leaving directory '/home/khai/app/.buildozer/android/platform/build-arm64-v8a_armeabi-v7a/build/other_builds/jpeg/armeabi-v7a__ndk_target_21/jpeg/CMakeFiles/CMakeTmp'



Determining if files sys/types.h exist passed with the following output:
Change Dir: /home/khai/app/.buildozer/android/platform/build-arm64-v8a_armeabi-v7a/build/other_builds/jpeg/armeabi-v7a__ndk_target_21/jpeg/CMakeFiles/CMakeTmp

Run Build Command(s):/usr/bin/make cmTC_b3292/fast && make -j8 -f CMakeFiles/cmTC_b3292.dir/build.make CMakeFiles/cmTC_b3292.dir/build
make[1]: Entering directory '/home/khai/app/.buildozer/android/platform/build-arm64-v8a_armeabi-v7a/build/other_builds/jpeg/armeabi-v7a__ndk_target_21/jpeg/CMakeFiles/CMakeTmp'
Building C object CMakeFiles/cmTC_b3292.dir/NEED_SYS_TYPES_H.c.o
/root/.buildozer/android/platform/android-ndk-r19c/toolchains/llvm/prebuilt/linux-x86_64/bin/clang --target=armv7-none-linux-androideabi16 --gcc-toolchain=/root/.buildozer/android/platform/android-ndk-r19c/toolchains/llvm/prebuilt/linux-x86_64 --sysroot=/root/.buildozer/android/platform/android-ndk-r19c/toolchains/llvm/prebuilt/linux-x86_64/sysroot   -g -DANDROID -fdata-sections -ffunction-sections -funwind-tables -fstack-protector-strong -no-canonical-prefixes -mfpu=vfpv3-d16 -fno-addrsig -march=armv7-a -mthumb -mfpu=neon -Wa,--noexecstack -Wformat -Werror=format-security   -fPIE   -o CMakeFiles/cmTC_b3292.dir/NEED_SYS_TYPES_H.c.o   -c /home/khai/app/.buildozer/android/platform/build-arm64-v8a_armeabi-v7a/build/other_builds/jpeg/armeabi-v7a__ndk_target_21/jpeg/CMakeFiles/CheckIncludeFiles/NEED_SYS_TYPES_H.c
Linking C executable cmTC_b3292
/usr/bin/cmake -E cmake_link_script CMakeFiles/cmTC_b3292.dir/link.txt --verbose=1
/root/.buildozer/android/platform/android-ndk-r19c/toolchains/llvm/prebuilt/linux-x86_64/bin/clang --target=armv7-none-linux-androideabi16 --gcc-toolchain=/root/.buildozer/android/platform/android-ndk-r19c/toolchains/llvm/prebuilt/linux-x86_64 --sysroot=/root/.buildozer/android/platform/android-ndk-r19c/toolchains/llvm/prebuilt/linux-x86_64/sysroot -g -DANDROID -fdata-sections -ffunction-sections -funwind-tables -fstack-protector-strong -no-canonical-prefixes -mfpu=vfpv3-d16 -fno-addrsig -march=armv7-a -mthumb -mfpu=neon -Wa,--noexecstack -Wformat -Werror=format-security    -Wl,--exclude-libs,libgcc.a -Wl,--exclude-libs,libatomic.a -static-libstdc++ -Wl,--build-id -Wl,--warn-shared-textrel -Wl,--fatal-warnings -Wl,--exclude-libs,libunwind.a -Wl,--no-undefined -Qunused-arguments -Wl,-z,noexecstack -Wl,-z,relro -Wl,-z,now -Wl,--gc-sections   CMakeFiles/cmTC_b3292.dir/NEED_SYS_TYPES_H.c.o  -o cmTC_b3292  -latomic -lm 
make[1]: Leaving directory '/home/khai/app/.buildozer/android/platform/build-arm64-v8a_armeabi-v7a/build/other_builds/jpeg/armeabi-v7a__ndk_target_21/jpeg/CMakeFiles/CMakeTmp'



Determining if the memset exist passed with the following output:
Change Dir: /home/khai/app/.buildozer/android/platform/build-arm64-v8a_armeabi-v7a/build/other_builds/jpeg/armeabi-v7a__ndk_target_21/jpeg/CMakeFiles/CMakeTmp

Run Build Command(s):/usr/bin/make cmTC_68f9d/fast && make -j8 -f CMakeFiles/cmTC_68f9d.dir/build.make CMakeFiles/cmTC_68f9d.dir/build
make[1]: Entering directory '/home/khai/app/.buildozer/android/platform/build-arm64-v8a_armeabi-v7a/build/other_builds/jpeg/armeabi-v7a__ndk_target_21/jpeg/CMakeFiles/CMakeTmp'
Building C object CMakeFiles/cmTC_68f9d.dir/CheckSymbolExists.c.o
/root/.buildozer/android/platform/android-ndk-r19c/toolchains/llvm/prebuilt/linux-x86_64/bin/clang --target=armv7-none-linux-androideabi16 --gcc-toolchain=/root/.buildozer/android/platform/android-ndk-r19c/toolchains/llvm/prebuilt/linux-x86_64 --sysroot=/root/.buildozer/android/platform/android-ndk-r19c/toolchains/llvm/prebuilt/linux-x86_64/sysroot   -g -DANDROID -fdata-sections -ffunction-sections -funwind-tables -fstack-protector-strong -no-canonical-prefixes -mfpu=vfpv3-d16 -fno-addrsig -march=armv7-a -mthumb -mfpu=neon -Wa,--noexecstack -Wformat -Werror=format-security   -fPIE   -o CMakeFiles/cmTC_68f9d.dir/CheckSymbolExists.c.o   -c /home/khai/app/.buildozer/android/platform/build-arm64-v8a_armeabi-v7a/build/other_builds/jpeg/armeabi-v7a__ndk_target_21/jpeg/CMakeFiles/CMakeTmp/CheckSymbolExists.c
Linking C executable cmTC_68f9d
/usr/bin/cmake -E cmake_link_script CMakeFiles/cmTC_68f9d.dir/link.txt --verbose=1
/root/.buildozer/android/platform/android-ndk-r19c/toolchains/llvm/prebuilt/linux-x86_64/bin/clang --target=armv7-none-linux-androideabi16 --gcc-toolchain=/root/.buildozer/android/platform/android-ndk-r19c/toolchains/llvm/prebuilt/linux-x86_64 --sysroot=/root/.buildozer/android/platform/android-ndk-r19c/toolchains/llvm/prebuilt/linux-x86_64/sysroot -g -DANDROID -fdata-sections -ffunction-sections -funwind-tables -fstack-protector-strong -no-canonical-prefixes -mfpu=vfpv3-d16 -fno-addrsig -march=armv7-a -mthumb -mfpu=neon -Wa,--noexecstack -Wformat -Werror=format-security    -Wl,--exclude-libs,libgcc.a -Wl,--exclude-libs,libatomic.a -static-libstdc++ -Wl,--build-id -Wl,--warn-shared-textrel -Wl,--fatal-warnings -Wl,--exclude-libs,libunwind.a -Wl,--no-undefined -Qunused-arguments -Wl,-z,noexecstack -Wl,-z,relro -Wl,-z,now -Wl,--gc-sections   CMakeFiles/cmTC_68f9d.dir/CheckSymbolExists.c.o  -o cmTC_68f9d  -latomic -lm 
make[1]: Leaving directory '/home/khai/app/.buildozer/android/platform/build-arm64-v8a_armeabi-v7a/build/other_builds/jpeg/armeabi-v7a__ndk_target_21/jpeg/CMakeFiles/CMakeTmp'


File /home/khai/app/.buildozer/android/platform/build-arm64-v8a_armeabi-v7a/build/other_builds/jpeg/armeabi-v7a__ndk_target_21/jpeg/CMakeFiles/CMakeTmp/CheckSymbolExists.c:
/* */
#include <string.h>

int main(int argc, char** argv)
{
  (void)argv;
#ifndef memset
  return ((int*)(&memset))[argc];
#else
  (void)argc;
  return 0;
#endif
}
Determining if the memcpy exist passed with the following output:
Change Dir: /home/khai/app/.buildozer/android/platform/build-arm64-v8a_armeabi-v7a/build/other_builds/jpeg/armeabi-v7a__ndk_target_21/jpeg/CMakeFiles/CMakeTmp

Run Build Command(s):/usr/bin/make cmTC_26e4a/fast && make -j8 -f CMakeFiles/cmTC_26e4a.dir/build.make CMakeFiles/cmTC_26e4a.dir/build
make[1]: Entering directory '/home/khai/app/.buildozer/android/platform/build-arm64-v8a_armeabi-v7a/build/other_builds/jpeg/armeabi-v7a__ndk_target_21/jpeg/CMakeFiles/CMakeTmp'
Building C object CMakeFiles/cmTC_26e4a.dir/CheckSymbolExists.c.o
/root/.buildozer/android/platform/android-ndk-r19c/toolchains/llvm/prebuilt/linux-x86_64/bin/clang --target=armv7-none-linux-androideabi16 --gcc-toolchain=/root/.buildozer/android/platform/android-ndk-r19c/toolchains/llvm/prebuilt/linux-x86_64 --sysroot=/root/.buildozer/android/platform/android-ndk-r19c/toolchains/llvm/prebuilt/linux-x86_64/sysroot   -g -DANDROID -fdata-sections -ffunction-sections -funwind-tables -fstack-protector-strong -no-canonical-prefixes -mfpu=vfpv3-d16 -fno-addrsig -march=armv7-a -mthumb -mfpu=neon -Wa,--noexecstack -Wformat -Werror=format-security   -fPIE   -o CMakeFiles/cmTC_26e4a.dir/CheckSymbolExists.c.o   -c /home/khai/app/.buildozer/android/platform/build-arm64-v8a_armeabi-v7a/build/other_builds/jpeg/armeabi-v7a__ndk_target_21/jpeg/CMakeFiles/CMakeTmp/CheckSymbolExists.c
Linking C executable cmTC_26e4a
/usr/bin/cmake -E cmake_link_script CMakeFiles/cmTC_26e4a.dir/link.txt --verbose=1
/root/.buildozer/android/platform/android-ndk-r19c/toolchains/llvm/prebuilt/linux-x86_64/bin/clang --target=armv7-none-linux-androideabi16 --gcc-toolchain=/root/.buildozer/android/platform/android-ndk-r19c/toolchains/llvm/prebuilt/linux-x86_64 --sysroot=/root/.buildozer/android/platform/android-ndk-r19c/toolchains/llvm/prebuilt/linux-x86_64/sysroot -g -DANDROID -fdata-sections -ffunction-sections -funwind-tables -fstack-protector-strong -no-canonical-prefixes -mfpu=vfpv3-d16 -fno-addrsig -march=armv7-a -mthumb -mfpu=neon -Wa,--noexecstack -Wformat -Werror=format-security    -Wl,--exclude-libs,libgcc.a -Wl,--exclude-libs,libatomic.a -static-libstdc++ -Wl,--build-id -Wl,--warn-shared-textrel -Wl,--fatal-warnings -Wl,--exclude-libs,libunwind.a -Wl,--no-undefined -Qunused-arguments -Wl,-z,noexecstack -Wl,-z,relro -Wl,-z,now -Wl,--gc-sections   CMakeFiles/cmTC_26e4a.dir/CheckSymbolExists.c.o  -o cmTC_26e4a  -latomic -lm 
make[1]: Leaving directory '/home/khai/app/.buildozer/android/platform/build-arm64-v8a_armeabi-v7a/build/other_builds/jpeg/armeabi-v7a__ndk_target_21/jpeg/CMakeFiles/CMakeTmp'


File /home/khai/app/.buildozer/android/platform/build-arm64-v8a_armeabi-v7a/build/other_builds/jpeg/armeabi-v7a__ndk_target_21/jpeg/CMakeFiles/CMakeTmp/CheckSymbolExists.c:
/* */
#include <string.h>

int main(int argc, char** argv)
{
  (void)argv;
#ifndef memcpy
  return ((int*)(&memcpy))[argc];
#else
  (void)argc;
  return 0;
#endif
}
Determining size of unsigned char passed with the following output:
Change Dir: /home/khai/app/.buildozer/android/platform/build-arm64-v8a_armeabi-v7a/build/other_builds/jpeg/armeabi-v7a__ndk_target_21/jpeg/CMakeFiles/CMakeTmp

Run Build Command(s):/usr/bin/make cmTC_92373/fast && make -j8 -f CMakeFiles/cmTC_92373.dir/build.make CMakeFiles/cmTC_92373.dir/build
make[1]: Entering directory '/home/khai/app/.buildozer/android/platform/build-arm64-v8a_armeabi-v7a/build/other_builds/jpeg/armeabi-v7a__ndk_target_21/jpeg/CMakeFiles/CMakeTmp'
Building C object CMakeFiles/cmTC_92373.dir/UNSIGNED_CHAR.c.o
/root/.buildozer/android/platform/android-ndk-r19c/toolchains/llvm/prebuilt/linux-x86_64/bin/clang --target=armv7-none-linux-androideabi16 --gcc-toolchain=/root/.buildozer/android/platform/android-ndk-r19c/toolchains/llvm/prebuilt/linux-x86_64 --sysroot=/root/.buildozer/android/platform/android-ndk-r19c/toolchains/llvm/prebuilt/linux-x86_64/sysroot   -g -DANDROID -fdata-sections -ffunction-sections -funwind-tables -fstack-protector-strong -no-canonical-prefixes -mfpu=vfpv3-d16 -fno-addrsig -march=armv7-a -mthumb -mfpu=neon -Wa,--noexecstack -Wformat -Werror=format-security   -fPIE   -o CMakeFiles/cmTC_92373.dir/UNSIGNED_CHAR.c.o   -c /home/khai/app/.buildozer/android/platform/build-arm64-v8a_armeabi-v7a/build/other_builds/jpeg/armeabi-v7a__ndk_target_21/jpeg/CMakeFiles/CheckTypeSize/UNSIGNED_CHAR.c
Linking C executable cmTC_92373
/usr/bin/cmake -E cmake_link_script CMakeFiles/cmTC_92373.dir/link.txt --verbose=1
/root/.buildozer/android/platform/android-ndk-r19c/toolchains/llvm/prebuilt/linux-x86_64/bin/clang --target=armv7-none-linux-androideabi16 --gcc-toolchain=/root/.buildozer/android/platform/android-ndk-r19c/toolchains/llvm/prebuilt/linux-x86_64 --sysroot=/root/.buildozer/android/platform/android-ndk-r19c/toolchains/llvm/prebuilt/linux-x86_64/sysroot -g -DANDROID -fdata-sections -ffunction-sections -funwind-tables -fstack-protector-strong -no-canonical-prefixes -mfpu=vfpv3-d16 -fno-addrsig -march=armv7-a -mthumb -mfpu=neon -Wa,--noexecstack -Wformat -Werror=format-security    -Wl,--exclude-libs,libgcc.a -Wl,--exclude-libs,libatomic.a -static-libstdc++ -Wl,--build-id -Wl,--warn-shared-textrel -Wl,--fatal-warnings -Wl,--exclude-libs,libunwind.a -Wl,--no-undefined -Qunused-arguments -Wl,-z,noexecstack -Wl,-z,relro -Wl,-z,now -Wl,--gc-sections   CMakeFiles/cmTC_92373.dir/UNSIGNED_CHAR.c.o  -o cmTC_92373  -latomic -lm 
make[1]: Leaving directory '/home/khai/app/.buildozer/android/platform/build-arm64-v8a_armeabi-v7a/build/other_builds/jpeg/armeabi-v7a__ndk_target_21/jpeg/CMakeFiles/CMakeTmp'



Determining size of unsigned short passed with the following output:
Change Dir: /home/khai/app/.buildozer/android/platform/build-arm64-v8a_armeabi-v7a/build/other_builds/jpeg/armeabi-v7a__ndk_target_21/jpeg/CMakeFiles/CMakeTmp

Run Build Command(s):/usr/bin/make cmTC_9522d/fast && make -j8 -f CMakeFiles/cmTC_9522d.dir/build.make CMakeFiles/cmTC_9522d.dir/build
make[1]: Entering directory '/home/khai/app/.buildozer/android/platform/build-arm64-v8a_armeabi-v7a/build/other_builds/jpeg/armeabi-v7a__ndk_target_21/jpeg/CMakeFiles/CMakeTmp'
Building C object CMakeFiles/cmTC_9522d.dir/UNSIGNED_SHORT.c.o
/root/.buildozer/android/platform/android-ndk-r19c/toolchains/llvm/prebuilt/linux-x86_64/bin/clang --target=armv7-none-linux-androideabi16 --gcc-toolchain=/root/.buildozer/android/platform/android-ndk-r19c/toolchains/llvm/prebuilt/linux-x86_64 --sysroot=/root/.buildozer/android/platform/android-ndk-r19c/toolchains/llvm/prebuilt/linux-x86_64/sysroot   -g -DANDROID -fdata-sections -ffunction-sections -funwind-tables -fstack-protector-strong -no-canonical-prefixes -mfpu=vfpv3-d16 -fno-addrsig -march=armv7-a -mthumb -mfpu=neon -Wa,--noexecstack -Wformat -Werror=format-security   -fPIE   -o CMakeFiles/cmTC_9522d.dir/UNSIGNED_SHORT.c.o   -c /home/khai/app/.buildozer/android/platform/build-arm64-v8a_armeabi-v7a/build/other_builds/jpeg/armeabi-v7a__ndk_target_21/jpeg/CMakeFiles/CheckTypeSize/UNSIGNED_SHORT.c
Linking C executable cmTC_9522d
/usr/bin/cmake -E cmake_link_script CMakeFiles/cmTC_9522d.dir/link.txt --verbose=1
/root/.buildozer/android/platform/android-ndk-r19c/toolchains/llvm/prebuilt/linux-x86_64/bin/clang --target=armv7-none-linux-androideabi16 --gcc-toolchain=/root/.buildozer/android/platform/android-ndk-r19c/toolchains/llvm/prebuilt/linux-x86_64 --sysroot=/root/.buildozer/android/platform/android-ndk-r19c/toolchains/llvm/prebuilt/linux-x86_64/sysroot -g -DANDROID -fdata-sections -ffunction-sections -funwind-tables -fstack-protector-strong -no-canonical-prefixes -mfpu=vfpv3-d16 -fno-addrsig -march=armv7-a -mthumb -mfpu=neon -Wa,--noexecstack -Wformat -Werror=format-security    -Wl,--exclude-libs,libgcc.a -Wl,--exclude-libs,libatomic.a -static-libstdc++ -Wl,--build-id -Wl,--warn-shared-textrel -Wl,--fatal-warnings -Wl,--exclude-libs,libunwind.a -Wl,--no-undefined -Qunused-arguments -Wl,-z,noexecstack -Wl,-z,relro -Wl,-z,now -Wl,--gc-sections   CMakeFiles/cmTC_9522d.dir/UNSIGNED_SHORT.c.o  -o cmTC_9522d  -latomic -lm 
make[1]: Leaving directory '/home/khai/app/.buildozer/android/platform/build-arm64-v8a_armeabi-v7a/build/other_builds/jpeg/armeabi-v7a__ndk_target_21/jpeg/CMakeFiles/CMakeTmp'



Performing C SOURCE FILE Test INCOMPLETE_TYPES succeeded with the following output:
Change Dir: /home/khai/app/.buildozer/android/platform/build-arm64-v8a_armeabi-v7a/build/other_builds/jpeg/armeabi-v7a__ndk_target_21/jpeg/CMakeFiles/CMakeTmp

Run Build Command(s):/usr/bin/make cmTC_00d65/fast && make -j8 -f CMakeFiles/cmTC_00d65.dir/build.make CMakeFiles/cmTC_00d65.dir/build
make[1]: Entering directory '/home/khai/app/.buildozer/android/platform/build-arm64-v8a_armeabi-v7a/build/other_builds/jpeg/armeabi-v7a__ndk_target_21/jpeg/CMakeFiles/CMakeTmp'
Building C object CMakeFiles/cmTC_00d65.dir/src.c.o
/root/.buildozer/android/platform/android-ndk-r19c/toolchains/llvm/prebuilt/linux-x86_64/bin/clang --target=armv7-none-linux-androideabi16 --gcc-toolchain=/root/.buildozer/android/platform/android-ndk-r19c/toolchains/llvm/prebuilt/linux-x86_64 --sysroot=/root/.buildozer/android/platform/android-ndk-r19c/toolchains/llvm/prebuilt/linux-x86_64/sysroot   -g -DANDROID -fdata-sections -ffunction-sections -funwind-tables -fstack-protector-strong -no-canonical-prefixes -mfpu=vfpv3-d16 -fno-addrsig -march=armv7-a -mthumb -mfpu=neon -Wa,--noexecstack -Wformat -Werror=format-security  -DINCOMPLETE_TYPES -fPIE   -o CMakeFiles/cmTC_00d65.dir/src.c.o   -c /home/khai/app/.buildozer/android/platform/build-arm64-v8a_armeabi-v7a/build/other_builds/jpeg/armeabi-v7a__ndk_target_21/jpeg/CMakeFiles/CMakeTmp/src.c
Linking C executable cmTC_00d65
/usr/bin/cmake -E cmake_link_script CMakeFiles/cmTC_00d65.dir/link.txt --verbose=1
/root/.buildozer/android/platform/android-ndk-r19c/toolchains/llvm/prebuilt/linux-x86_64/bin/clang --target=armv7-none-linux-androideabi16 --gcc-toolchain=/root/.buildozer/android/platform/android-ndk-r19c/toolchains/llvm/prebuilt/linux-x86_64 --sysroot=/root/.buildozer/android/platform/android-ndk-r19c/toolchains/llvm/prebuilt/linux-x86_64/sysroot -g -DANDROID -fdata-sections -ffunction-sections -funwind-tables -fstack-protector-strong -no-canonical-prefixes -mfpu=vfpv3-d16 -fno-addrsig -march=armv7-a -mthumb -mfpu=neon -Wa,--noexecstack -Wformat -Werror=format-security  -DINCOMPLETE_TYPES  -Wl,--exclude-libs,libgcc.a -Wl,--exclude-libs,libatomic.a -static-libstdc++ -Wl,--build-id -Wl,--warn-shared-textrel -Wl,--fatal-warnings -Wl,--exclude-libs,libunwind.a -Wl,--no-undefined -Qunused-arguments -Wl,-z,noexecstack -Wl,-z,relro -Wl,-z,now -Wl,--gc-sections   CMakeFiles/cmTC_00d65.dir/src.c.o  -o cmTC_00d65  -latomic -lm 
make[1]: Leaving directory '/home/khai/app/.buildozer/android/platform/build-arm64-v8a_armeabi-v7a/build/other_builds/jpeg/armeabi-v7a__ndk_target_21/jpeg/CMakeFiles/CMakeTmp'


Source file was:
int main(void) { typedef struct undefined_structure *undef_struct_ptr;  undef_struct_ptr ptr = 0;  return ptr != 0; }
Performing C SOURCE FILE Test INLINE_WORKS succeeded with the following output:
Change Dir: /home/khai/app/.buildozer/android/platform/build-arm64-v8a_armeabi-v7a/build/other_builds/jpeg/armeabi-v7a__ndk_target_21/jpeg/CMakeFiles/CMakeTmp

Run Build Command(s):/usr/bin/make cmTC_1cd1f/fast && make -j8 -f CMakeFiles/cmTC_1cd1f.dir/build.make CMakeFiles/cmTC_1cd1f.dir/build
make[1]: Entering directory '/home/khai/app/.buildozer/android/platform/build-arm64-v8a_armeabi-v7a/build/other_builds/jpeg/armeabi-v7a__ndk_target_21/jpeg/CMakeFiles/CMakeTmp'
Building C object CMakeFiles/cmTC_1cd1f.dir/src.c.o
/root/.buildozer/android/platform/android-ndk-r19c/toolchains/llvm/prebuilt/linux-x86_64/bin/clang --target=armv7-none-linux-androideabi16 --gcc-toolchain=/root/.buildozer/android/platform/android-ndk-r19c/toolchains/llvm/prebuilt/linux-x86_64 --sysroot=/root/.buildozer/android/platform/android-ndk-r19c/toolchains/llvm/prebuilt/linux-x86_64/sysroot   -g -DANDROID -fdata-sections -ffunction-sections -funwind-tables -fstack-protector-strong -no-canonical-prefixes -mfpu=vfpv3-d16 -fno-addrsig -march=armv7-a -mthumb -mfpu=neon -Wa,--noexecstack -Wformat -Werror=format-security  -DINLINE_WORKS -fPIE   -o CMakeFiles/cmTC_1cd1f.dir/src.c.o   -c /home/khai/app/.buildozer/android/platform/build-arm64-v8a_armeabi-v7a/build/other_builds/jpeg/armeabi-v7a__ndk_target_21/jpeg/CMakeFiles/CMakeTmp/src.c
Linking C executable cmTC_1cd1f
/usr/bin/cmake -E cmake_link_script CMakeFiles/cmTC_1cd1f.dir/link.txt --verbose=1
/root/.buildozer/android/platform/android-ndk-r19c/toolchains/llvm/prebuilt/linux-x86_64/bin/clang --target=armv7-none-linux-androideabi16 --gcc-toolchain=/root/.buildozer/android/platform/android-ndk-r19c/toolchains/llvm/prebuilt/linux-x86_64 --sysroot=/root/.buildozer/android/platform/android-ndk-r19c/toolchains/llvm/prebuilt/linux-x86_64/sysroot -g -DANDROID -fdata-sections -ffunction-sections -funwind-tables -fstack-protector-strong -no-canonical-prefixes -mfpu=vfpv3-d16 -fno-addrsig -march=armv7-a -mthumb -mfpu=neon -Wa,--noexecstack -Wformat -Werror=format-security  -DINLINE_WORKS  -Wl,--exclude-libs,libgcc.a -Wl,--exclude-libs,libatomic.a -static-libstdc++ -Wl,--build-id -Wl,--warn-shared-textrel -Wl,--fatal-warnings -Wl,--exclude-libs,libunwind.a -Wl,--no-undefined -Qunused-arguments -Wl,-z,noexecstack -Wl,-z,relro -Wl,-z,now -Wl,--gc-sections   CMakeFiles/cmTC_1cd1f.dir/src.c.o  -o cmTC_1cd1f  -latomic -lm 
make[1]: Leaving directory '/home/khai/app/.buildozer/android/platform/build-arm64-v8a_armeabi-v7a/build/other_builds/jpeg/armeabi-v7a__ndk_target_21/jpeg/CMakeFiles/CMakeTmp'


Source file was:
__inline__ __attribute__((always_inline)) static int foo(void) { return 0; } int main(void) { return foo(); }
Performing C SOURCE FILE Test HAVE_VERSION_SCRIPT succeeded with the following output:
Change Dir: /home/khai/app/.buildozer/android/platform/build-arm64-v8a_armeabi-v7a/build/other_builds/jpeg/armeabi-v7a__ndk_target_21/jpeg/CMakeFiles/CMakeTmp

Run Build Command(s):/usr/bin/make cmTC_d246a/fast && make -j8 -f CMakeFiles/cmTC_d246a.dir/build.make CMakeFiles/cmTC_d246a.dir/build
make[1]: Entering directory '/home/khai/app/.buildozer/android/platform/build-arm64-v8a_armeabi-v7a/build/other_builds/jpeg/armeabi-v7a__ndk_target_21/jpeg/CMakeFiles/CMakeTmp'
Building C object CMakeFiles/cmTC_d246a.dir/src.c.o
/root/.buildozer/android/platform/android-ndk-r19c/toolchains/llvm/prebuilt/linux-x86_64/bin/clang --target=armv7-none-linux-androideabi16 --gcc-toolchain=/root/.buildozer/android/platform/android-ndk-r19c/toolchains/llvm/prebuilt/linux-x86_64 --sysroot=/root/.buildozer/android/platform/android-ndk-r19c/toolchains/llvm/prebuilt/linux-x86_64/sysroot   -g -DANDROID -fdata-sections -ffunction-sections -funwind-tables -fstack-protector-strong -no-canonical-prefixes -mfpu=vfpv3-d16 -fno-addrsig -march=armv7-a -mthumb -mfpu=neon -Wa,--noexecstack -Wformat -Werror=format-security  -DHAVE_VERSION_SCRIPT -Wl,--version-script,/home/khai/app/.buildozer/android/platform/build-arm64-v8a_armeabi-v7a/build/other_builds/jpeg/armeabi-v7a__ndk_target_21/jpeg/conftest.map -fPIE   -o CMakeFiles/cmTC_d246a.dir/src.c.o   -c /home/khai/app/.buildozer/android/platform/build-arm64-v8a_armeabi-v7a/build/other_builds/jpeg/armeabi-v7a__ndk_target_21/jpeg/CMakeFiles/CMakeTmp/src.c
clang: warning: -Wl,--version-script,/home/khai/app/.buildozer/android/platform/build-arm64-v8a_armeabi-v7a/build/other_builds/jpeg/armeabi-v7a__ndk_target_21/jpeg/conftest.map: 'linker' input unused [-Wunused-command-line-argument]
Linking C executable cmTC_d246a
/usr/bin/cmake -E cmake_link_script CMakeFiles/cmTC_d246a.dir/link.txt --verbose=1
/root/.buildozer/android/platform/android-ndk-r19c/toolchains/llvm/prebuilt/linux-x86_64/bin/clang --target=armv7-none-linux-androideabi16 --gcc-toolchain=/root/.buildozer/android/platform/android-ndk-r19c/toolchains/llvm/prebuilt/linux-x86_64 --sysroot=/root/.buildozer/android/platform/android-ndk-r19c/toolchains/llvm/prebuilt/linux-x86_64/sysroot -g -DANDROID -fdata-sections -ffunction-sections -funwind-tables -fstack-protector-strong -no-canonical-prefixes -mfpu=vfpv3-d16 -fno-addrsig -march=armv7-a -mthumb -mfpu=neon -Wa,--noexecstack -Wformat -Werror=format-security  -DHAVE_VERSION_SCRIPT -Wl,--version-script,/home/khai/app/.buildozer/android/platform/build-arm64-v8a_armeabi-v7a/build/other_builds/jpeg/armeabi-v7a__ndk_target_21/jpeg/conftest.map  -Wl,--exclude-libs,libgcc.a -Wl,--exclude-libs,libatomic.a -static-libstdc++ -Wl,--build-id -Wl,--warn-shared-textrel -Wl,--fatal-warnings -Wl,--exclude-libs,libunwind.a -Wl,--no-undefined -Qunused-arguments -Wl,-z,noexecstack -Wl,-z,relro -Wl,-z,now -Wl,--gc-sections   CMakeFiles/cmTC_d246a.dir/src.c.o  -o cmTC_d246a  -latomic -lm 
make[1]: Leaving directory '/home/khai/app/.buildozer/android/platform/build-arm64-v8a_armeabi-v7a/build/other_builds/jpeg/armeabi-v7a__ndk_target_21/jpeg/CMakeFiles/CMakeTmp'


Source file was:
int main(void) { return 0; }
Checking whether the ASM compiler is Clang using "--version" matched "(clang version)":
Android (5058415 based on r339409) clang version 8.0.2 (https://android.googlesource.com/toolchain/clang 40173bab62ec746213857d083c0e8b0abb568790) (https://android.googlesource.com/toolchain/llvm 7a6618d69e7e8111e1d49dc9e7813767c5ca756a) (based on LLVM 8.0.2svn)
Target: x86_64-unknown-linux-gnu
Thread model: posix
InstalledDir: /root/.buildozer/android/platform/android-ndk-r19c/toolchains/llvm/prebuilt/linux-x86_64/bin
